#
# A fatal error has been detected by the Java Runtime Environment:
#
#  SIGSEGV (0xb) at pc=0x00007f3514edcabe, pid=6100, tid=139866210092800
#
# JRE version: 6.0_27-b27
# Java VM: OpenJDK 64-Bit Server VM (20.0-b12 mixed mode linux-amd64 compressed oops)
# Derivative: IcedTea6 1.12.5
# Distribution: Debian GNU/Linux 7.0 (wheezy), package 6b27-1.12.5-1
# Problematic frame:
# C  [libgdk-x11-2.0.so.0+0x73abe]  gdk_window_enable_synchronized_configure+0xe
#
# If you would like to submit a bug report, please include
# instructions how to reproduce the bug and visit:
#   http://icedtea.classpath.org/bugzilla
# The crash happened outside the Java Virtual Machine in native code.
# See problematic frame for where to report the bug.
#

---------------  T H R E A D  ---------------

Current thread (0x000000000220e800):  JavaThread "main" [_thread_in_native, id=6104, stack(0x00007f3523b4c000,0x00007f3523c4d000)]

siginfo:si_signo=SIGSEGV: si_errno=0, si_code=1 (SEGV_MAPERR), si_addr=0x0000000000000018

Registers:
RAX=0x0000000000000000, RBX=0x00007f351815a060, RCX=0x00007f3523c4c700, RDX=0x00007f35238342a0
RSP=0x00007f3523c4adf0, RBP=0x00007f351815a150, RSI=0x0000000000000000, RDI=0x0000000000000000
R8 =0x00007f35181550f0, R9 =0x0000000000000020, R10=0x0000000000000000, R11=0x00007f3514edcab0
R12=0x00007f3523c4ae30, R13=0x0000000000000000, R14=0x0000000000000260, R15=0x0000000000000000
RIP=0x00007f3514edcabe, EFLAGS=0x0000000000010206, CSGSFS=0x0000000000000033, ERR=0x0000000000000004
  TRAPNO=0x000000000000000e

Top of Stack: (sp=0x00007f3523c4adf0)
0x00007f3523c4adf0:   0000000000000020 00007f351815a060
0x00007f3523c4ae00:   00007f351815a150 00007f350c9b0a73
0x00007f3523c4ae10:   00000000c5ccbfc5 00007f3523c4b230
0x00007f3523c4ae20:   00007f3518144cc0 00007f3515a7486e
0x00007f3523c4ae30:   00007f351816ceb0 00007f350000fc02
0x00007f3523c4ae40:   0000028000000000 0000000000000140
0x00007f3523c4ae50:   0000000000000000 0000000000000000
0x00007f3523c4ae60:   00007f3500000001 00007f3515a6fd40
0x00007f3523c4ae70:   00007f3518159ec0 00007f35181508c0
0x00007f3523c4ae80:   0000000018144cc0 00007f3515a719a7
0x00007f3523c4ae90:   00007f3515a6fd40 0000000000000000
0x00007f3523c4aea0:   00000000ffffffff 00007f3518146010
0x00007f3523c4aeb0:   0000000000000000 00007f3515a719a7
0x00007f3523c4aec0:   0000000000000000 0000000000000000
0x00007f3523c4aed0:   0000000000000000 00007f351815a060
0x00007f3523c4aee0:   00007f3523c4b188 00000000000000e0
0x00007f3523c4aef0:   00007f3540000002 00007f351815a060
0x00007f3523c4af00:   0000000500000000 0000000000000000
0x00007f3523c4af10:   0000000000000000 00007f35157a2669
0x00007f3523c4af20:   00007f3518144d50 00007f351815a060
0x00007f3523c4af30:   00007f3518144d50 0000000000000000
0x00007f3523c4af40:   00007f3523c4b170 00007f3518144800
0x00007f3523c4af50:   00007f3518146010 0000000000000000
0x00007f3523c4af60:   00007f3523c4b040 00007f3515a8a006
0x00007f3523c4af70:   0000000000000001 00007f351815a060
0x00007f3523c4af80:   0000000000000004 0000000000000004
0x00007f3523c4af90:   00007f3523c4b188 00007f3518144800
0x00007f3523c4afa0:   0000000000000000 00007f351815a060
0x00007f3523c4afb0:   0000000000000004 0000000000000004
0x00007f3523c4afc0:   0000000000000000 0000000000000000
0x00007f3523c4afd0:   0000000000000000 00007f350c77de27
0x00007f3523c4afe0:   0000000000000000 0000000000000000 

Instructions: (pc=0x00007f3514edcabe)
0x00007f3514edca9e:   00 48 83 c4 38 e9 88 85 ff ff 0f 1f 84 00 00 00
0x00007f3514edcaae:   00 00 48 89 5c 24 f0 48 89 6c 24 f8 48 83 ec 18
0x00007f3514edcabe:   48 8b 5f 18 48 89 fd e8 06 9e ff ff 48 85 db 74
0x00007f3514edcace:   22 48 8b 13 48 85 d2 74 05 48 39 02 74 0f 48 89 

Register to memory mapping:

RAX=0x0000000000000000 is an unknown value
RBX=0x00007f351815a060 is an unknown value
RCX=0x00007f3523c4c700 is pointing into the stack for thread: 0x000000000220e800
RDX=0x00007f35238342a0: <offset 0x2172a0> in /lib/x86_64-linux-gnu/libpthread.so.0 at 0x00007f352361d000
RSP=0x00007f3523c4adf0 is pointing into the stack for thread: 0x000000000220e800
RBP=0x00007f351815a150 is an unknown value
RSI=0x0000000000000000 is an unknown value
RDI=0x0000000000000000 is an unknown value
R8 =0x00007f35181550f0 is an unknown value
R9 =0x0000000000000020 is an unknown value
R10=0x0000000000000000 is an unknown value
R11=0x00007f3514edcab0: gdk_window_enable_synchronized_configure+0 in /usr/lib/x86_64-linux-gnu/libgdk-x11-2.0.so.0 at 0x00007f3514e69000
R12=0x00007f3523c4ae30 is pointing into the stack for thread: 0x000000000220e800
R13=0x0000000000000000 is an unknown value
R14=0x0000000000000260 is an unknown value
R15=0x0000000000000000 is an unknown value


Stack: [0x00007f3523b4c000,0x00007f3523c4d000],  sp=0x00007f3523c4adf0,  free space=1019k
Native frames: (J=compiled Java code, j=interpreted, Vv=VM code, C=native code)
C  [libgdk-x11-2.0.so.0+0x73abe]  gdk_window_enable_synchronized_configure+0xe

Java frames: (J=compiled Java code, j=interpreted, Vv=VM code)
j  org.eclipse.equinox.launcher.JNIBridge._show_splash(Ljava/lang/String;)V+0
j  org.eclipse.equinox.launcher.JNIBridge.showSplash(Ljava/lang/String;)Z+2
j  org.eclipse.equinox.launcher.Main.handleSplash([Ljava/net/URL;)V+157
j  org.eclipse.equinox.launcher.Main.basicRun([Ljava/lang/String;)V+116
j  org.eclipse.equinox.launcher.Main.run([Ljava/lang/String;)I+4
j  org.eclipse.equinox.launcher.Main.main([Ljava/lang/String;)V+10
v  ~StubRoutines::call_stub

---------------  P R O C E S S  ---------------

Java Threads: ( => current thread )
  0x00007f3518001000 JavaThread "Low Memory Detector" daemon [_thread_blocked, id=6151, stack(0x00007f3515ed8000,0x00007f3515fd9000)]
  0x00007f3510084800 JavaThread "C2 CompilerThread1" daemon [_thread_blocked, id=6150, stack(0x00007f3515fd9000,0x00007f35160da000)]
  0x00007f3510081800 JavaThread "C2 CompilerThread0" daemon [_thread_blocked, id=6149, stack(0x00007f35160da000,0x00007f35161db000)]
  0x00007f3510073000 JavaThread "Signal Dispatcher" daemon [_thread_blocked, id=6148, stack(0x00007f35161db000,0x00007f35162dc000)]
  0x00007f3510061000 JavaThread "Finalizer" daemon [_thread_blocked, id=6138, stack(0x00007f3516453000,0x00007f3516554000)]
  0x00007f351005f000 JavaThread "Reference Handler" daemon [_thread_blocked, id=6137, stack(0x00007f3516554000,0x00007f3516655000)]
=>0x000000000220e800 JavaThread "main" [_thread_in_native, id=6104, stack(0x00007f3523b4c000,0x00007f3523c4d000)]

Other Threads:
  0x00007f351005a000 VMThread [stack: 0x00007f3516655000,0x00007f3516756000] [id=6134]
  0x00007f3518003800 WatcherThread [stack: 0x00007f3515dd7000,0x00007f3515ed8000] [id=6152]

VM state:not at safepoint (normal execution)

VM Mutex/Monitor currently owned by a thread: None

Heap
 PSYoungGen      total 11968K, used 1490K [0x00000000faab0000, 0x00000000fb800000, 0x0000000100000000)
  eden space 10304K, 14% used [0x00000000faab0000,0x00000000fac24a18,0x00000000fb4c0000)
  from space 1664K, 0% used [0x00000000fb660000,0x00000000fb660000,0x00000000fb800000)
  to   space 1664K, 0% used [0x00000000fb4c0000,0x00000000fb4c0000,0x00000000fb660000)
 PSOldGen        total 27328K, used 0K [0x00000000f0000000, 0x00000000f1ab0000, 0x00000000faab0000)
  object space 27328K, 0% used [0x00000000f0000000,0x00000000f0000000,0x00000000f1ab0000)
 PSPermGen       total 21248K, used 5215K [0x00000000e0000000, 0x00000000e14c0000, 0x00000000f0000000)
  object space 21248K, 24% used [0x00000000e0000000,0x00000000e0517f98,0x00000000e14c0000)

Code Cache  [0x00007f351da82000, 0x00007f351dcf2000, 0x00007f3520a82000)
 total_blobs=207 nmethods=12 adapters=150 free_code_cache=49911936 largest_free_block=7936

Dynamic libraries:
00400000-00409000 r-xp 00000000 08:55 135395                             /usr/lib/jvm/java-6-openjdk-amd64/jre/bin/java
00608000-00609000 rw-p 00008000 08:55 135395                             /usr/lib/jvm/java-6-openjdk-amd64/jre/bin/java
02203000-023fe000 rw-p 00000000 00:00 0                                  [heap]
e0000000-e14c0000 rw-p 00000000 00:00 0 
e14c0000-f0000000 rw-p 00000000 00:00 0 
f0000000-f1ab0000 rw-p 00000000 00:00 0 
f1ab0000-faab0000 rw-p 00000000 00:00 0 
faab0000-fb800000 rw-p 00000000 00:00 0 
fb800000-100000000 rw-p 00000000 00:00 0 
7f350c288000-7f350c31f000 rw-p 00000000 00:00 0 
7f350c31f000-7f350c322000 r-xp 00000000 08:55 4456493                    /usr/lib/x86_64-linux-gnu/gdk-pixbuf-2.0/2.10.0/loaders/libpixbufloader-bmp.so
7f350c322000-7f350c522000 ---p 00003000 08:55 4456493                    /usr/lib/x86_64-linux-gnu/gdk-pixbuf-2.0/2.10.0/loaders/libpixbufloader-bmp.so
7f350c522000-7f350c523000 r--p 00003000 08:55 4456493                    /usr/lib/x86_64-linux-gnu/gdk-pixbuf-2.0/2.10.0/loaders/libpixbufloader-bmp.so
7f350c523000-7f350c524000 rw-p 00004000 08:55 4456493                    /usr/lib/x86_64-linux-gnu/gdk-pixbuf-2.0/2.10.0/loaders/libpixbufloader-bmp.so
7f350c524000-7f350c545000 r-xp 00000000 08:55 4202363                    /usr/lib/x86_64-linux-gnu/libatk-1.0.so.0.20409.1
7f350c545000-7f350c744000 ---p 00021000 08:55 4202363                    /usr/lib/x86_64-linux-gnu/libatk-1.0.so.0.20409.1
7f350c744000-7f350c746000 r--p 00020000 08:55 4202363                    /usr/lib/x86_64-linux-gnu/libatk-1.0.so.0.20409.1
7f350c746000-7f350c747000 rw-p 00022000 08:55 4202363                    /usr/lib/x86_64-linux-gnu/libatk-1.0.so.0.20409.1
7f350c747000-7f350cb79000 r-xp 00000000 08:55 4203845                    /usr/lib/x86_64-linux-gnu/libgtk-x11-2.0.so.0.2400.10
7f350cb79000-7f350cd79000 ---p 00432000 08:55 4203845                    /usr/lib/x86_64-linux-gnu/libgtk-x11-2.0.so.0.2400.10
7f350cd79000-7f350cd84000 rw-p 00432000 08:55 4203845                    /usr/lib/x86_64-linux-gnu/libgtk-x11-2.0.so.0.2400.10
7f350cd84000-7f350cd86000 rw-p 00000000 00:00 0 
7f350cd86000-7f350cd8b000 r-xp 00000000 08:55 4201684                    /usr/lib/x86_64-linux-gnu/libXdmcp.so.6.0.0
7f350cd8b000-7f350cf8a000 ---p 00005000 08:55 4201684                    /usr/lib/x86_64-linux-gnu/libXdmcp.so.6.0.0
7f350cf8a000-7f350cf8b000 rw-p 00004000 08:55 4201684                    /usr/lib/x86_64-linux-gnu/libXdmcp.so.6.0.0
7f350cf8b000-7f350cf8d000 r-xp 00000000 08:55 4201682                    /usr/lib/x86_64-linux-gnu/libXau.so.6.0.0
7f350cf8d000-7f350d18d000 ---p 00002000 08:55 4201682                    /usr/lib/x86_64-linux-gnu/libXau.so.6.0.0
7f350d18d000-7f350d18e000 rw-p 00002000 08:55 4201682                    /usr/lib/x86_64-linux-gnu/libXau.so.6.0.0
7f350d18e000-7f350d1ad000 r-xp 00000000 08:55 4201686                    /usr/lib/x86_64-linux-gnu/libxcb.so.1.1.0
7f350d1ad000-7f350d3ac000 ---p 0001f000 08:55 4201686                    /usr/lib/x86_64-linux-gnu/libxcb.so.1.1.0
7f350d3ac000-7f350d3ad000 r--p 0001e000 08:55 4201686                    /usr/lib/x86_64-linux-gnu/libxcb.so.1.1.0
7f350d3ad000-7f350d3ae000 rw-p 0001f000 08:55 4201686                    /usr/lib/x86_64-linux-gnu/libxcb.so.1.1.0
7f350d3ae000-7f350d3b6000 r-xp 00000000 08:55 4202174                    /usr/lib/x86_64-linux-gnu/libxcb-render.so.0.0.0
7f350d3b6000-7f350d5b6000 ---p 00008000 08:55 4202174                    /usr/lib/x86_64-linux-gnu/libxcb-render.so.0.0.0
7f350d5b6000-7f350d5b7000 r--p 00008000 08:55 4202174                    /usr/lib/x86_64-linux-gnu/libxcb-render.so.0.0.0
7f350d5b7000-7f350d5b8000 rw-p 00009000 08:55 4202174                    /usr/lib/x86_64-linux-gnu/libxcb-render.so.0.0.0
7f350d5b8000-7f350d5ba000 r-xp 00000000 08:55 4202176                    /usr/lib/x86_64-linux-gnu/libxcb-shm.so.0.0.0
7f350d5ba000-7f350d7b9000 ---p 00002000 08:55 4202176                    /usr/lib/x86_64-linux-gnu/libxcb-shm.so.0.0.0
7f350d7b9000-7f350d7ba000 r--p 00001000 08:55 4202176                    /usr/lib/x86_64-linux-gnu/libxcb-shm.so.0.0.0
7f350d7ba000-7f350d7bb000 rw-p 00002000 08:55 4202176                    /usr/lib/x86_64-linux-gnu/libxcb-shm.so.0.0.0
7f350d7bb000-7f350d83b000 r-xp 00000000 08:55 4202172                    /usr/lib/x86_64-linux-gnu/libpixman-1.so.0.26.0
7f350d83b000-7f350da3b000 ---p 00080000 08:55 4202172                    /usr/lib/x86_64-linux-gnu/libpixman-1.so.0.26.0
7f350da3b000-7f350da41000 rw-p 00080000 08:55 4202172                    /usr/lib/x86_64-linux-gnu/libpixman-1.so.0.26.0
7f350da41000-7f350da68000 r-xp 00000000 08:55 3935743                    /lib/x86_64-linux-gnu/libexpat.so.1.6.0
7f350da68000-7f350dc68000 ---p 00027000 08:55 3935743                    /lib/x86_64-linux-gnu/libexpat.so.1.6.0
7f350dc68000-7f350dc6a000 r--p 00027000 08:55 3935743                    /lib/x86_64-linux-gnu/libexpat.so.1.6.0
7f350dc6a000-7f350dc6b000 rw-p 00029000 08:55 3935743                    /lib/x86_64-linux-gnu/libexpat.so.1.6.0
7f350dc6b000-7f350dc7e000 r-xp 00000000 08:55 3932181                    /lib/x86_64-linux-gnu/libresolv-2.13.so
7f350dc7e000-7f350de7d000 ---p 00013000 08:55 3932181                    /lib/x86_64-linux-gnu/libresolv-2.13.so
7f350de7d000-7f350de7e000 r--p 00012000 08:55 3932181                    /lib/x86_64-linux-gnu/libresolv-2.13.so
7f350de7e000-7f350de7f000 rw-p 00013000 08:55 3932181                    /lib/x86_64-linux-gnu/libresolv-2.13.so
7f350de7f000-7f350de81000 rw-p 00000000 00:00 0 
7f350de81000-7f350de9f000 r-xp 00000000 08:55 3932198                    /lib/x86_64-linux-gnu/libselinux.so.1
7f350de9f000-7f350e09e000 ---p 0001e000 08:55 3932198                    /lib/x86_64-linux-gnu/libselinux.so.1
7f350e09e000-7f350e09f000 r--p 0001d000 08:55 3932198                    /lib/x86_64-linux-gnu/libselinux.so.1
7f350e09f000-7f350e0a0000 rw-p 0001e000 08:55 3932198                    /lib/x86_64-linux-gnu/libselinux.so.1
7f350e0a0000-7f350e0a1000 rw-p 00000000 00:00 0 
7f350e0a1000-7f350e0c7000 r-xp 00000000 08:55 3935787                    /lib/x86_64-linux-gnu/libpng12.so.0.49.0
7f350e0c7000-7f350e2c6000 ---p 00026000 08:55 3935787                    /lib/x86_64-linux-gnu/libpng12.so.0.49.0
7f350e2c6000-7f350e2c7000 r--p 00025000 08:55 3935787                    /lib/x86_64-linux-gnu/libpng12.so.0.49.0
7f350e2c7000-7f350e2c8000 rw-p 00026000 08:55 3935787                    /lib/x86_64-linux-gnu/libpng12.so.0.49.0
7f350e2c8000-7f350e361000 r-xp 00000000 08:55 4201664                    /usr/lib/x86_64-linux-gnu/libfreetype.so.6.8.1
7f350e361000-7f350e560000 ---p 00099000 08:55 4201664                    /usr/lib/x86_64-linux-gnu/libfreetype.so.6.8.1
7f350e560000-7f350e566000 r--p 00098000 08:55 4201664                    /usr/lib/x86_64-linux-gnu/libfreetype.so.6.8.1
7f350e566000-7f350e567000 rw-p 0009e000 08:55 4201664                    /usr/lib/x86_64-linux-gnu/libfreetype.so.6.8.1
7f350e567000-7f350e591000 r-xp 00000000 08:55 4202210                    /usr/lib/x86_64-linux-gnu/libpangoft2-1.0.so.0.3000.0
7f350e591000-7f350e790000 ---p 0002a000 08:55 4202210                    /usr/lib/x86_64-linux-gnu/libpangoft2-1.0.so.0.3000.0
7f350e790000-7f350e791000 r--p 00029000 08:55 4202210                    /usr/lib/x86_64-linux-gnu/libpangoft2-1.0.so.0.3000.0
7f350e791000-7f350e792000 rw-p 0002a000 08:55 4202210                    /usr/lib/x86_64-linux-gnu/libpangoft2-1.0.so.0.3000.0
7f350e792000-7f350e795000 r-xp 00000000 08:55 4201475                    /usr/lib/x86_64-linux-gnu/libgmodule-2.0.so.0.3200.4
7f350e795000-7f350e994000 ---p 00003000 08:55 4201475                    /usr/lib/x86_64-linux-gnu/libgmodule-2.0.so.0.3200.4
7f350e994000-7f350e995000 r--p 00002000 08:55 4201475                    /usr/lib/x86_64-linux-gnu/libgmodule-2.0.so.0.3200.4
7f350e995000-7f350e996000 rw-p 00003000 08:55 4201475                    /usr/lib/x86_64-linux-gnu/libgmodule-2.0.so.0.3200.4
7f350e996000-7f350eacb000 r-xp 00000000 08:55 4201691                    /usr/lib/x86_64-linux-gnu/libX11.so.6.3.0
7f350eacb000-7f350eccb000 ---p 00135000 08:55 4201691                    /usr/lib/x86_64-linux-gnu/libX11.so.6.3.0
7f350eccb000-7f350ecd1000 rw-p 00135000 08:55 4201691                    /usr/lib/x86_64-linux-gnu/libX11.so.6.3.0
7f350ecd1000-7f350edc5000 r-xp 00000000 08:55 4202180                    /usr/lib/x86_64-linux-gnu/libcairo.so.2.11200.2
7f350edc5000-7f350efc4000 ---p 000f4000 08:55 4202180                    /usr/lib/x86_64-linux-gnu/libcairo.so.2.11200.2
7f350efc4000-7f350efc7000 r--p 000f3000 08:55 4202180                    /usr/lib/x86_64-linux-gnu/libcairo.so.2.11200.2
7f350efc7000-7f350efc8000 rw-p 000f6000 08:55 4202180                    /usr/lib/x86_64-linux-gnu/libcairo.so.2.11200.2
7f350efc8000-7f350efca000 rw-p 00000000 00:00 0 
7f350efca000-7f350efcf000 r-xp 00000000 08:55 4202385                    /usr/lib/x86_64-linux-gnu/libXfixes.so.3.1.0
7f350efcf000-7f350f1ce000 ---p 00005000 08:55 4202385                    /usr/lib/x86_64-linux-gnu/libXfixes.so.3.1.0
7f350f1ce000-7f350f1cf000 r--p 00004000 08:55 4202385                    /usr/lib/x86_64-linux-gnu/libXfixes.so.3.1.0
7f350f1cf000-7f350f1d0000 rw-p 00005000 08:55 4202385                    /usr/lib/x86_64-linux-gnu/libXfixes.so.3.1.0
7f350f1d0000-7f350f1d2000 r-xp 00000000 08:55 4202387                    /usr/lib/x86_64-linux-gnu/libXdamage.so.1.1.0
7f350f1d2000-7f350f3d1000 ---p 00002000 08:55 4202387                    /usr/lib/x86_64-linux-gnu/libXdamage.so.1.1.0
7f350f3d1000-7f350f3d2000 rw-p 00001000 08:55 4202387                    /usr/lib/x86_64-linux-gnu/libXdamage.so.1.1.0
7f350f3d2000-7f350f3d4000 r-xp 00000000 08:55 4202383                    /usr/lib/x86_64-linux-gnu/libXcomposite.so.1.0.0
7f350f3d4000-7f350f5d3000 ---p 00002000 08:55 4202383                    /usr/lib/x86_64-linux-gnu/libXcomposite.so.1.0.0
7f350f5d3000-7f350f5d4000 rw-p 00001000 08:55 4202383                    /usr/lib/x86_64-linux-gnu/libXcomposite.so.1.0.0
7f350f5d4000-7f350f5de000 r-xp 00000000 08:55 4202554                    /usr/lib/x86_64-linux-gnu/libXcursor.so.1.0.2
7f350f5de000-7f350f7dd000 ---p 0000a000 08:55 4202554                    /usr/lib/x86_64-linux-gnu/libXcursor.so.1.0.2
7f350f7dd000-7f350f7de000 rw-p 00009000 08:55 4202554                    /usr/lib/x86_64-linux-gnu/libXcursor.so.1.0.2
7f350f7de000-7f350f7e5000 r-xp 00000000 08:55 4202560                    /usr/lib/x86_64-linux-gnu/libXrandr.so.2.2.0
7f350f7e5000-7f350f9e5000 ---p 00007000 08:55 4202560                    /usr/lib/x86_64-linux-gnu/libXrandr.so.2.2.0
7f350f9e5000-7f350f9e6000 rw-p 00007000 08:55 4202560                    /usr/lib/x86_64-linux-gnu/libXrandr.so.2.2.0
7f350f9e6000-7f350f9f4000 r-xp 00000000 08:55 4202556                    /usr/lib/x86_64-linux-gnu/libXi.so.6.1.0
7f350f9f4000-7f350fbf4000 ---p 0000e000 08:55 4202556                    /usr/lib/x86_64-linux-gnu/libXi.so.6.1.0
7f350fbf4000-7f350fbf5000 rw-p 0000e000 08:55 4202556                    /usr/lib/x86_64-linux-gnu/libXi.so.6.1.0
7f350fbf5000-7f350fbf7000 r-xp 00000000 08:55 4202558                    /usr/lib/x86_64-linux-gnu/libXinerama.so.1.0.0
7f350fbf7000-7f350fdf6000 ---p 00002000 08:55 4202558                    /usr/lib/x86_64-linux-gnu/libXinerama.so.1.0.0
7f350fdf6000-7f350fdf7000 rw-p 00001000 08:55 4202558                    /usr/lib/x86_64-linux-gnu/libXinerama.so.1.0.0
7f350fdf7000-7f350fe00000 r-xp 00000000 08:55 4202178                    /usr/lib/x86_64-linux-gnu/libXrender.so.1.3.0
7f350fe00000-7f350ffff000 ---p 00009000 08:55 4202178                    /usr/lib/x86_64-linux-gnu/libXrender.so.1.3.0
7f350ffff000-7f3510000000 rw-p 00008000 08:55 4202178                    /usr/lib/x86_64-linux-gnu/libXrender.so.1.3.0
7f3510000000-7f3510234000 rw-p 00000000 00:00 0 
7f3510234000-7f3514000000 ---p 00000000 00:00 0 
7f3514053000-7f3514064000 r-xp 00000000 08:55 4202389                    /usr/lib/x86_64-linux-gnu/libXext.so.6.4.0
7f3514064000-7f3514264000 ---p 00011000 08:55 4202389                    /usr/lib/x86_64-linux-gnu/libXext.so.6.4.0
7f3514264000-7f3514265000 rw-p 00011000 08:55 4202389                    /usr/lib/x86_64-linux-gnu/libXext.so.6.4.0
7f3514265000-7f351429a000 r-xp 00000000 08:55 4201677                    /usr/lib/x86_64-linux-gnu/libfontconfig.so.1.5.0
7f351429a000-7f351449a000 ---p 00035000 08:55 4201677                    /usr/lib/x86_64-linux-gnu/libfontconfig.so.1.5.0
7f351449a000-7f351449b000 r--p 00035000 08:55 4201677                    /usr/lib/x86_64-linux-gnu/libfontconfig.so.1.5.0
7f351449b000-7f351449c000 rw-p 00036000 08:55 4201677                    /usr/lib/x86_64-linux-gnu/libfontconfig.so.1.5.0
7f351449c000-7f35145e8000 r-xp 00000000 08:55 4201476                    /usr/lib/x86_64-linux-gnu/libgio-2.0.so.0.3200.4
7f35145e8000-7f35147e7000 ---p 0014c000 08:55 4201476                    /usr/lib/x86_64-linux-gnu/libgio-2.0.so.0.3200.4
7f35147e7000-7f35147eb000 r--p 0014b000 08:55 4201476                    /usr/lib/x86_64-linux-gnu/libgio-2.0.so.0.3200.4
7f35147eb000-7f35147ed000 rw-p 0014f000 08:55 4201476                    /usr/lib/x86_64-linux-gnu/libgio-2.0.so.0.3200.4
7f35147ed000-7f35147ef000 rw-p 00000000 00:00 0 
7f35147ef000-7f351480e000 r-xp 00000000 08:55 4202169                    /usr/lib/x86_64-linux-gnu/libgdk_pixbuf-2.0.so.0.2600.1
7f351480e000-7f3514a0d000 ---p 0001f000 08:55 4202169                    /usr/lib/x86_64-linux-gnu/libgdk_pixbuf-2.0.so.0.2600.1
7f3514a0d000-7f3514a0e000 r--p 0001e000 08:55 4202169                    /usr/lib/x86_64-linux-gnu/libgdk_pixbuf-2.0.so.0.2600.1
7f3514a0e000-7f3514a0f000 rw-p 0001f000 08:55 4202169                    /usr/lib/x86_64-linux-gnu/libgdk_pixbuf-2.0.so.0.2600.1
7f3514a0f000-7f3514a59000 r-xp 00000000 08:55 4202206                    /usr/lib/x86_64-linux-gnu/libpango-1.0.so.0.3000.0
7f3514a59000-7f3514c59000 ---p 0004a000 08:55 4202206                    /usr/lib/x86_64-linux-gnu/libpango-1.0.so.0.3000.0
7f3514c59000-7f3514c5b000 r--p 0004a000 08:55 4202206                    /usr/lib/x86_64-linux-gnu/libpango-1.0.so.0.3000.0
7f3514c5b000-7f3514c5c000 rw-p 0004c000 08:55 4202206                    /usr/lib/x86_64-linux-gnu/libpango-1.0.so.0.3000.0
7f3514c5c000-7f3514c68000 r-xp 00000000 08:55 4202207                    /usr/lib/x86_64-linux-gnu/libpangocairo-1.0.so.0.3000.0
7f3514c68000-7f3514e67000 ---p 0000c000 08:55 4202207                    /usr/lib/x86_64-linux-gnu/libpangocairo-1.0.so.0.3000.0
7f3514e67000-7f3514e68000 r--p 0000b000 08:55 4202207                    /usr/lib/x86_64-linux-gnu/libpangocairo-1.0.so.0.3000.0
7f3514e68000-7f3514e69000 rw-p 0000c000 08:55 4202207                    /usr/lib/x86_64-linux-gnu/libpangocairo-1.0.so.0.3000.0
7f3514e69000-7f3514f18000 r-xp 00000000 08:55 4203865                    /usr/lib/x86_64-linux-gnu/libgdk-x11-2.0.so.0.2400.10
7f3514f18000-7f3515117000 ---p 000af000 08:55 4203865                    /usr/lib/x86_64-linux-gnu/libgdk-x11-2.0.so.0.2400.10
7f3515117000-7f351511c000 rw-p 000ae000 08:55 4203865                    /usr/lib/x86_64-linux-gnu/libgdk-x11-2.0.so.0.2400.10
7f351511c000-7f3515158000 r-xp 00000000 08:55 3935777                    /lib/x86_64-linux-gnu/libpcre.so.3.13.1
7f3515158000-7f3515358000 ---p 0003c000 08:55 3935777                    /lib/x86_64-linux-gnu/libpcre.so.3.13.1
7f3515358000-7f3515359000 rw-p 0003c000 08:55 3935777                    /lib/x86_64-linux-gnu/libpcre.so.3.13.1
7f3515359000-7f3515365000 r-xp 00000000 08:55 4201471                    /usr/lib/x86_64-linux-gnu/libffi.so.5.0.10
7f3515365000-7f3515565000 ---p 0000c000 08:55 4201471                    /usr/lib/x86_64-linux-gnu/libffi.so.5.0.10
7f3515565000-7f3515566000 rw-p 0000c000 08:55 4201471                    /usr/lib/x86_64-linux-gnu/libffi.so.5.0.10
7f3515566000-7f3515567000 r-xp 00000000 08:55 4201474                    /usr/lib/x86_64-linux-gnu/libgthread-2.0.so.0.3200.4
7f3515567000-7f3515766000 ---p 00001000 08:55 4201474                    /usr/lib/x86_64-linux-gnu/libgthread-2.0.so.0.3200.4
7f3515766000-7f3515767000 r--p 00000000 08:55 4201474                    /usr/lib/x86_64-linux-gnu/libgthread-2.0.so.0.3200.4
7f3515767000-7f3515768000 rw-p 00001000 08:55 4201474                    /usr/lib/x86_64-linux-gnu/libgthread-2.0.so.0.3200.4
7f3515768000-7f351585d000 r-xp 00000000 08:55 3935783                    /lib/x86_64-linux-gnu/libglib-2.0.so.0.3200.4
7f351585d000-7f3515a5d000 ---p 000f5000 08:55 3935783                    /lib/x86_64-linux-gnu/libglib-2.0.so.0.3200.4
7f3515a5d000-7f3515a5e000 r--p 000f5000 08:55 3935783                    /lib/x86_64-linux-gnu/libglib-2.0.so.0.3200.4
7f3515a5e000-7f3515a5f000 rw-p 000f6000 08:55 3935783                    /lib/x86_64-linux-gnu/libglib-2.0.so.0.3200.4
7f3515a5f000-7f3515a60000 rw-p 00000000 00:00 0 
7f3515a60000-7f3515aae000 r-xp 00000000 08:55 4201473                    /usr/lib/x86_64-linux-gnu/libgobject-2.0.so.0.3200.4
7f3515aae000-7f3515cae000 ---p 0004e000 08:55 4201473                    /usr/lib/x86_64-linux-gnu/libgobject-2.0.so.0.3200.4
7f3515cae000-7f3515caf000 r--p 0004e000 08:55 4201473                    /usr/lib/x86_64-linux-gnu/libgobject-2.0.so.0.3200.4
7f3515caf000-7f3515cb0000 rw-p 0004f000 08:55 4201473                    /usr/lib/x86_64-linux-gnu/libgobject-2.0.so.0.3200.4
7f3515cb0000-7f3515cbf000 r-xp 00000000 08:55 4351292                    /usr/lib/nvidia-nsight/plugins/org.eclipse.equinox.launcher.gtk.linux.x86_64_1.1.100.v20110505/eclipse_1407.so
7f3515cbf000-7f3515dbe000 ---p 0000f000 08:55 4351292                    /usr/lib/nvidia-nsight/plugins/org.eclipse.equinox.launcher.gtk.linux.x86_64_1.1.100.v20110505/eclipse_1407.so
7f3515dbe000-7f3515dc0000 rw-p 0000e000 08:55 4351292                    /usr/lib/nvidia-nsight/plugins/org.eclipse.equinox.launcher.gtk.linux.x86_64_1.1.100.v20110505/eclipse_1407.so
7f3515dc0000-7f3515dc2000 r--s 0009b000 08:55 4241739                    /usr/share/nvidia-nsight/plugins/com.nvidia.cuda.ide_5.0.0.201209260616.jar
7f3515dc2000-7f3515dc5000 r--s 0007f000 08:55 263622                     /usr/lib/jvm/java-6-openjdk-common/jre/lib/jsse.jar
7f3515dc5000-7f3515dc6000 r--s 0000b000 08:55 4241667                    /usr/share/nvidia-nsight/plugins/org.eclipse.equinox.launcher_1.2.0.v20110502.jar
7f3515dc6000-7f3515dc9000 r--s 00031000 08:55 263612                     /usr/lib/jvm/java-6-openjdk-common/jre/lib/ext/sunjce_provider.jar
7f3515dc9000-7f3515dcc000 r--s 00077000 08:55 263610                     /usr/lib/jvm/java-6-openjdk-common/jre/lib/ext/localedata.jar
7f3515dcc000-7f3515dcf000 r--s 0000f000 08:55 263609                     /usr/lib/jvm/java-6-openjdk-common/jre/lib/ext/pulse-java.jar
7f3515dcf000-7f3515dd3000 r--s 00039000 08:55 263611                     /usr/lib/jvm/java-6-openjdk-common/jre/lib/ext/sunpkcs11.jar
7f3515dd3000-7f3515dd4000 r--s 00007000 08:55 131946                     /usr/share/java/java-atk-wrapper.jar
7f3515dd4000-7f3515dd6000 r--s 00001000 08:55 263608                     /usr/lib/jvm/java-6-openjdk-common/jre/lib/ext/dnsns.jar
7f3515dd6000-7f3515dd7000 r--s 0000b000 08:55 4241667                    /usr/share/nvidia-nsight/plugins/org.eclipse.equinox.launcher_1.2.0.v20110502.jar
7f3515dd7000-7f3515dd8000 ---p 00000000 00:00 0 
7f3515dd8000-7f3515ed8000 rw-p 00000000 00:00 0 
7f3515ed8000-7f3515edb000 ---p 00000000 00:00 0 
7f3515edb000-7f3515fd9000 rw-p 00000000 00:00 0 
7f3515fd9000-7f3515fdc000 ---p 00000000 00:00 0 
7f3515fdc000-7f35160da000 rw-p 00000000 00:00 0 
7f35160da000-7f35160dd000 ---p 00000000 00:00 0 
7f35160dd000-7f35161db000 rw-p 00000000 00:00 0 
7f35161db000-7f35161de000 ---p 00000000 00:00 0 
7f35161de000-7f35162dc000 rw-p 00000000 00:00 0 
7f35162dc000-7f3516453000 r--p 00000000 08:55 4200736                    /usr/lib/locale/locale-archive
7f3516453000-7f3516456000 ---p 00000000 00:00 0 
7f3516456000-7f3516554000 rw-p 00000000 00:00 0 
7f3516554000-7f3516557000 ---p 00000000 00:00 0 
7f3516557000-7f3516655000 rw-p 00000000 00:00 0 
7f3516655000-7f3516656000 ---p 00000000 00:00 0 
7f3516656000-7f3517e6d000 rw-p 00000000 00:00 0 
7f3517e6d000-7f3518000000 r--s 037db000 08:55 264351                     /usr/lib/jvm/java-6-openjdk-amd64/jre/lib/rt.jar
7f3518000000-7f351817c000 rw-p 00000000 00:00 0 
7f351817c000-7f351c000000 ---p 00000000 00:00 0 
7f351c019000-7f351c038000 r--s 00000000 08:55 4461704                    /usr/share/mime/mime.cache
7f351c038000-7f351c194000 rw-p 00000000 00:00 0 
7f351c194000-7f351c195000 ---p 00000000 00:00 0 
7f351c195000-7f351c295000 rw-p 00000000 00:00 0 
7f351c295000-7f351c296000 ---p 00000000 00:00 0 
7f351c296000-7f351c396000 rw-p 00000000 00:00 0 
7f351c396000-7f351c397000 ---p 00000000 00:00 0 
7f351c397000-7f351c497000 rw-p 00000000 00:00 0 
7f351c497000-7f351c498000 ---p 00000000 00:00 0 
7f351c498000-7f351c598000 rw-p 00000000 00:00 0 
7f351c598000-7f351c599000 ---p 00000000 00:00 0 
7f351c599000-7f351c699000 rw-p 00000000 00:00 0 
7f351c699000-7f351c69a000 ---p 00000000 00:00 0 
7f351c69a000-7f351c79a000 rw-p 00000000 00:00 0 
7f351c79a000-7f351c79b000 ---p 00000000 00:00 0 
7f351c79b000-7f351c89b000 rw-p 00000000 00:00 0 
7f351c89b000-7f351c89c000 ---p 00000000 00:00 0 
7f351c89c000-7f351c99c000 rw-p 00000000 00:00 0 
7f351c99c000-7f351c99d000 ---p 00000000 00:00 0 
7f351c99d000-7f351ca9d000 rw-p 00000000 00:00 0 
7f351ca9d000-7f351ca9e000 ---p 00000000 00:00 0 
7f351ca9e000-7f351cb9e000 rw-p 00000000 00:00 0 
7f351cb9e000-7f351cb9f000 ---p 00000000 00:00 0 
7f351cb9f000-7f351cc9f000 rw-p 00000000 00:00 0 
7f351cc9f000-7f351cca0000 ---p 00000000 00:00 0 
7f351cca0000-7f351cda0000 rw-p 00000000 00:00 0 
7f351cda0000-7f351cda1000 ---p 00000000 00:00 0 
7f351cda1000-7f351cea1000 rw-p 00000000 00:00 0 
7f351cea1000-7f351cea2000 ---p 00000000 00:00 0 
7f351cea2000-7f351cfa2000 rw-p 00000000 00:00 0 
7f351cfa2000-7f351cfa3000 ---p 00000000 00:00 0 
7f351cfa3000-7f351d0a3000 rw-p 00000000 00:00 0 
7f351d0a3000-7f351d0a4000 ---p 00000000 00:00 0 
7f351d0a4000-7f351d1a4000 rw-p 00000000 00:00 0 
7f351d1a4000-7f351d1a5000 ---p 00000000 00:00 0 
7f351d1a5000-7f351d2a5000 rw-p 00000000 00:00 0 
7f351d2a5000-7f351d2a6000 ---p 00000000 00:00 0 
7f351d2a6000-7f351d3a6000 rw-p 00000000 00:00 0 
7f351d3a6000-7f351d3a7000 ---p 00000000 00:00 0 
7f351d3a7000-7f351d4a7000 rw-p 00000000 00:00 0 
7f351d4a7000-7f351d4a8000 ---p 00000000 00:00 0 
7f351d4a8000-7f351d5a8000 rw-p 00000000 00:00 0 
7f351d5a8000-7f351d5a9000 ---p 00000000 00:00 0 
7f351d5a9000-7f351d6a9000 rw-p 00000000 00:00 0 
7f351d6a9000-7f351d6aa000 ---p 00000000 00:00 0 
7f351d6aa000-7f351d7aa000 rw-p 00000000 00:00 0 
7f351d7aa000-7f351d7ab000 ---p 00000000 00:00 0 
7f351d7ab000-7f351d8b6000 rw-p 00000000 00:00 0 
7f351d8b6000-7f351d92b000 rw-p 00000000 00:00 0 
7f351d92b000-7f351d939000 rw-p 00000000 00:00 0 
7f351d939000-7f351d981000 rw-p 00000000 00:00 0 
7f351d981000-7f351d98c000 rw-p 00000000 00:00 0 
7f351d98c000-7f351da01000 rw-p 00000000 00:00 0 
7f351da01000-7f351da0f000 rw-p 00000000 00:00 0 
7f351da0f000-7f351da56000 rw-p 00000000 00:00 0 
7f351da56000-7f351da5d000 rw-p 00000000 00:00 0 
7f351da5d000-7f351da81000 rw-p 00000000 00:00 0 
7f351da81000-7f351da82000 rw-p 00000000 00:00 0 
7f351da82000-7f351dcf2000 rwxp 00000000 00:00 0 
7f351dcf2000-7f3520a82000 rw-p 00000000 00:00 0 
7f3520a82000-7f3520a89000 r-xp 00000000 08:55 264363                     /usr/lib/jvm/java-6-openjdk-amd64/jre/lib/amd64/libzip.so
7f3520a89000-7f3520c88000 ---p 00007000 08:55 264363                     /usr/lib/jvm/java-6-openjdk-amd64/jre/lib/amd64/libzip.so
7f3520c88000-7f3520c89000 rw-p 00006000 08:55 264363                     /usr/lib/jvm/java-6-openjdk-amd64/jre/lib/amd64/libzip.so
7f3520c89000-7f3520c94000 r-xp 00000000 08:55 3932173                    /lib/x86_64-linux-gnu/libnss_files-2.13.so
7f3520c94000-7f3520e93000 ---p 0000b000 08:55 3932173                    /lib/x86_64-linux-gnu/libnss_files-2.13.so
7f3520e93000-7f3520e94000 r--p 0000a000 08:55 3932173                    /lib/x86_64-linux-gnu/libnss_files-2.13.so
7f3520e94000-7f3520e95000 rw-p 0000b000 08:55 3932173                    /lib/x86_64-linux-gnu/libnss_files-2.13.so
7f3520e95000-7f3520e9f000 r-xp 00000000 08:55 3932185                    /lib/x86_64-linux-gnu/libnss_nis-2.13.so
7f3520e9f000-7f352109e000 ---p 0000a000 08:55 3932185                    /lib/x86_64-linux-gnu/libnss_nis-2.13.so
7f352109e000-7f352109f000 r--p 00009000 08:55 3932185                    /lib/x86_64-linux-gnu/libnss_nis-2.13.so
7f352109f000-7f35210a0000 rw-p 0000a000 08:55 3932185                    /lib/x86_64-linux-gnu/libnss_nis-2.13.so
7f35210a0000-7f35210a7000 r-xp 00000000 08:55 3932175                    /lib/x86_64-linux-gnu/libnss_compat-2.13.so
7f35210a7000-7f35212a6000 ---p 00007000 08:55 3932175                    /lib/x86_64-linux-gnu/libnss_compat-2.13.so
7f35212a6000-7f35212a7000 r--p 00006000 08:55 3932175                    /lib/x86_64-linux-gnu/libnss_compat-2.13.so
7f35212a7000-7f35212a8000 rw-p 00007000 08:55 3932175                    /lib/x86_64-linux-gnu/libnss_compat-2.13.so
7f35212a8000-7f35212bd000 r-xp 00000000 08:55 3932183                    /lib/x86_64-linux-gnu/libnsl-2.13.so
7f35212bd000-7f35214bc000 ---p 00015000 08:55 3932183                    /lib/x86_64-linux-gnu/libnsl-2.13.so
7f35214bc000-7f35214bd000 r--p 00014000 08:55 3932183                    /lib/x86_64-linux-gnu/libnsl-2.13.so
7f35214bd000-7f35214be000 rw-p 00015000 08:55 3932183                    /lib/x86_64-linux-gnu/libnsl-2.13.so
7f35214be000-7f35214c0000 rw-p 00000000 00:00 0 
7f35214c0000-7f35214ee000 r-xp 00000000 08:55 264366                     /usr/lib/jvm/java-6-openjdk-amd64/jre/lib/amd64/libjava.so
7f35214ee000-7f35216ed000 ---p 0002e000 08:55 264366                     /usr/lib/jvm/java-6-openjdk-amd64/jre/lib/amd64/libjava.so
7f35216ed000-7f35216f1000 rw-p 0002d000 08:55 264366                     /usr/lib/jvm/java-6-openjdk-amd64/jre/lib/amd64/libjava.so
7f35216f1000-7f3521700000 r-xp 00000000 08:55 264359                     /usr/lib/jvm/java-6-openjdk-amd64/jre/lib/amd64/libverify.so
7f3521700000-7f35218ff000 ---p 0000f000 08:55 264359                     /usr/lib/jvm/java-6-openjdk-amd64/jre/lib/amd64/libverify.so
7f35218ff000-7f3521901000 rw-p 0000e000 08:55 264359                     /usr/lib/jvm/java-6-openjdk-amd64/jre/lib/amd64/libverify.so
7f3521901000-7f3521908000 r-xp 00000000 08:55 3932174                    /lib/x86_64-linux-gnu/librt-2.13.so
7f3521908000-7f3521b07000 ---p 00007000 08:55 3932174                    /lib/x86_64-linux-gnu/librt-2.13.so
7f3521b07000-7f3521b08000 r--p 00006000 08:55 3932174                    /lib/x86_64-linux-gnu/librt-2.13.so
7f3521b08000-7f3521b09000 rw-p 00007000 08:55 3932174                    /lib/x86_64-linux-gnu/librt-2.13.so
7f3521b09000-7f3521b1e000 r-xp 00000000 08:55 3932164                    /lib/x86_64-linux-gnu/libgcc_s.so.1
7f3521b1e000-7f3521d1e000 ---p 00015000 08:55 3932164                    /lib/x86_64-linux-gnu/libgcc_s.so.1
7f3521d1e000-7f3521d1f000 rw-p 00015000 08:55 3932164                    /lib/x86_64-linux-gnu/libgcc_s.so.1
7f3521d1f000-7f3521da0000 r-xp 00000000 08:55 3932176                    /lib/x86_64-linux-gnu/libm-2.13.so
7f3521da0000-7f3521f9f000 ---p 00081000 08:55 3932176                    /lib/x86_64-linux-gnu/libm-2.13.so
7f3521f9f000-7f3521fa0000 r--p 00080000 08:55 3932176                    /lib/x86_64-linux-gnu/libm-2.13.so
7f3521fa0000-7f3521fa1000 rw-p 00081000 08:55 3932176                    /lib/x86_64-linux-gnu/libm-2.13.so
7f3521fa1000-7f3522089000 r-xp 00000000 08:55 4198180                    /usr/lib/x86_64-linux-gnu/libstdc++.so.6.0.17
7f3522089000-7f3522289000 ---p 000e8000 08:55 4198180                    /usr/lib/x86_64-linux-gnu/libstdc++.so.6.0.17
7f3522289000-7f3522291000 r--p 000e8000 08:55 4198180                    /usr/lib/x86_64-linux-gnu/libstdc++.so.6.0.17
7f3522291000-7f3522293000 rw-p 000f0000 08:55 4198180                    /usr/lib/x86_64-linux-gnu/libstdc++.so.6.0.17
7f3522293000-7f35222a8000 rw-p 00000000 00:00 0 
7f35222a8000-7f3522bc7000 r-xp 00000000 08:55 264371                     /usr/lib/jvm/java-6-openjdk-amd64/jre/lib/amd64/server/libjvm.so
7f3522bc7000-7f3522dc6000 ---p 0091f000 08:55 264371                     /usr/lib/jvm/java-6-openjdk-amd64/jre/lib/amd64/server/libjvm.so
7f3522dc6000-7f3522e62000 rw-p 0091e000 08:55 264371                     /usr/lib/jvm/java-6-openjdk-amd64/jre/lib/amd64/server/libjvm.so
7f3522e62000-7f3522e8b000 rw-p 00000000 00:00 0 
7f3522e8b000-7f352300b000 r-xp 00000000 08:55 3932179                    /lib/x86_64-linux-gnu/libc-2.13.so
7f352300b000-7f352320b000 ---p 00180000 08:55 3932179                    /lib/x86_64-linux-gnu/libc-2.13.so
7f352320b000-7f352320f000 r--p 00180000 08:55 3932179                    /lib/x86_64-linux-gnu/libc-2.13.so
7f352320f000-7f3523210000 rw-p 00184000 08:55 3932179                    /lib/x86_64-linux-gnu/libc-2.13.so
7f3523210000-7f3523215000 rw-p 00000000 00:00 0 
7f3523215000-7f3523217000 r-xp 00000000 08:55 3932172                    /lib/x86_64-linux-gnu/libdl-2.13.so
7f3523217000-7f3523417000 ---p 00002000 08:55 3932172                    /lib/x86_64-linux-gnu/libdl-2.13.so
7f3523417000-7f3523418000 r--p 00002000 08:55 3932172                    /lib/x86_64-linux-gnu/libdl-2.13.so
7f3523418000-7f3523419000 rw-p 00003000 08:55 3932172                    /lib/x86_64-linux-gnu/libdl-2.13.so
7f3523419000-7f352341d000 r-xp 00000000 08:55 264376                     /usr/lib/jvm/java-6-openjdk-amd64/jre/lib/amd64/jli/libjli.so
7f352341d000-7f352361c000 ---p 00004000 08:55 264376                     /usr/lib/jvm/java-6-openjdk-amd64/jre/lib/amd64/jli/libjli.so
7f352361c000-7f352361d000 rw-p 00003000 08:55 264376                     /usr/lib/jvm/java-6-openjdk-amd64/jre/lib/amd64/jli/libjli.so
7f352361d000-7f3523634000 r-xp 00000000 08:55 3932169                    /lib/x86_64-linux-gnu/libpthread-2.13.so
7f3523634000-7f3523833000 ---p 00017000 08:55 3932169                    /lib/x86_64-linux-gnu/libpthread-2.13.so
7f3523833000-7f3523834000 r--p 00016000 08:55 3932169                    /lib/x86_64-linux-gnu/libpthread-2.13.so
7f3523834000-7f3523835000 rw-p 00017000 08:55 3932169                    /lib/x86_64-linux-gnu/libpthread-2.13.so
7f3523835000-7f3523839000 rw-p 00000000 00:00 0 
7f3523839000-7f352384f000 r-xp 00000000 08:55 3932250                    /lib/x86_64-linux-gnu/libz.so.1.2.7
7f352384f000-7f3523a4e000 ---p 00016000 08:55 3932250                    /lib/x86_64-linux-gnu/libz.so.1.2.7
7f3523a4e000-7f3523a4f000 r--p 00015000 08:55 3932250                    /lib/x86_64-linux-gnu/libz.so.1.2.7
7f3523a4f000-7f3523a50000 rw-p 00016000 08:55 3932250                    /lib/x86_64-linux-gnu/libz.so.1.2.7
7f3523a50000-7f3523a70000 r-xp 00000000 08:55 3932182                    /lib/x86_64-linux-gnu/ld-2.13.so
7f3523a8c000-7f3523a96000 rw-p 00000000 00:00 0 
7f3523a96000-7f3523b4c000 rw-p 00000000 00:00 0 
7f3523b4c000-7f3523b4f000 ---p 00000000 00:00 0 
7f3523b4f000-7f3523c52000 rw-p 00000000 00:00 0 
7f3523c63000-7f3523c6b000 rw-s 00000000 08:55 1319102                    /tmp/hsperfdata_nlevy/6100
7f3523c6b000-7f3523c6c000 rw-p 00000000 00:00 0 
7f3523c6c000-7f3523c6d000 r--p 00000000 00:00 0 
7f3523c6d000-7f3523c6f000 rw-p 00000000 00:00 0 
7f3523c6f000-7f3523c70000 r--p 0001f000 08:55 3932182                    /lib/x86_64-linux-gnu/ld-2.13.so
7f3523c70000-7f3523c71000 rw-p 00020000 08:55 3932182                    /lib/x86_64-linux-gnu/ld-2.13.so
7f3523c71000-7f3523c72000 rw-p 00000000 00:00 0 
7fffab30c000-7fffab341000 rw-p 00000000 00:00 0                          [stack]
7fffab3e9000-7fffab3ea000 r-xp 00000000 00:00 0                          [vdso]
ffffffffff600000-ffffffffff601000 r-xp 00000000 00:00 0                  [vsyscall]

VM Arguments:
jvm_args: -Dosgi.requiredJavaVersion=1.6 -Xms40m -Xmx256m -XX:MaxPermSize=256m -XX:CompileCommand=exclude,java/lang/reflect/Array,newInstance 
java_command: /usr/lib/nvidia-nsight/plugins/org.eclipse.equinox.launcher_1.2.0.v20110502.jar -os linux -ws gtk -arch x86_64 -showsplash -launcher /usr/lib/nvidia-nsight/nsight -name Nsight --launcher.library /usr/lib/nvidia-nsight/plugins/org.eclipse.equinox.launcher.gtk.linux.x86_64_1.1.100.v20110505/eclipse_1407.so -startup /usr/lib/nvidia-nsight/plugins/org.eclipse.equinox.launcher_1.2.0.v20110502.jar --launcher.overrideVmargs -exitdata 1d800a -vm /usr/bin/java -vmargs -Dosgi.requiredJavaVersion=1.6 -Xms40m -Xmx256m -XX:MaxPermSize=256m -XX:CompileCommand=exclude,java/lang/reflect/Array,newInstance -jar /usr/lib/nvidia-nsight/plugins/org.eclipse.equinox.launcher_1.2.0.v20110502.jar
Launcher Type: SUN_STANDARD

Environment Variables:
PATH=/home/nlevy/bin:/usr/local/bin:/usr/local/bin:/usr/bin:/bin:/usr/bin/X11:/usr/games
LD_LIBRARY_PATH=/usr/lib/jvm/java-6-openjdk-amd64/jre/lib/amd64/server:/usr/lib/jvm/java-6-openjdk-amd64/jre/lib/amd64:/usr/lib/jvm/java-6-openjdk-amd64/jre/../lib/amd64
SHELL=/bin/zsh
DISPLAY=localhost:50.0

Signal Handlers:
SIGSEGV: [libjvm.so+0x7976a0], sa_mask[0]=0x7ffbfeff, sa_flags=0x10000004
SIGBUS: [libjvm.so+0x7976a0], sa_mask[0]=0x7ffbfeff, sa_flags=0x10000004
SIGFPE: [libjvm.so+0x65f050], sa_mask[0]=0x7ffbfeff, sa_flags=0x10000004
SIGPIPE: SIG_IGN, sa_mask[0]=0x00001000, sa_flags=0x10000000
SIGXFSZ: [libjvm.so+0x65f050], sa_mask[0]=0x7ffbfeff, sa_flags=0x10000004
SIGILL: [libjvm.so+0x65f050], sa_mask[0]=0x7ffbfeff, sa_flags=0x10000004
SIGUSR1: SIG_DFL, sa_mask[0]=0x00000000, sa_flags=0x00000000
SIGUSR2: [libjvm.so+0x65f230], sa_mask[0]=0x00000000, sa_flags=0x10000004
SIGHUP: [libjvm.so+0x661870], sa_mask[0]=0x7ffbfeff, sa_flags=0x10000004
SIGINT: [libjvm.so+0x661870], sa_mask[0]=0x7ffbfeff, sa_flags=0x10000004
SIGTERM: [libjvm.so+0x661870], sa_mask[0]=0x7ffbfeff, sa_flags=0x10000004
SIGQUIT: [libjvm.so+0x661870], sa_mask[0]=0x7ffbfeff, sa_flags=0x10000004


---------------  S Y S T E M  ---------------

OS:7.1

uname:Linux 3.2.0-4-amd64 #1 SMP Debian 3.2.46-1 x86_64
libc:glibc 2.13 NPTL 2.13 
rlimit: STACK 8192k, CORE 0k, NPROC 1033315, NOFILE 4096, AS infinity
load average:0.06 0.09 0.11

/proc/meminfo:
MemTotal:       132277100 kB
MemFree:        125446920 kB
Buffers:          501284 kB
Cached:          4515088 kB
SwapCached:            0 kB
Active:          4451964 kB
Inactive:        1654188 kB
Active(anon):    1091628 kB
Inactive(anon):    49296 kB
Active(file):    3360336 kB
Inactive(file):  1604892 kB
Unevictable:           0 kB
Mlocked:               0 kB
SwapTotal:             0 kB
SwapFree:              0 kB
Dirty:                24 kB
Writeback:             0 kB
AnonPages:       1089536 kB
Mapped:           274596 kB
Shmem:             51144 kB
Slab:             364540 kB
SReclaimable:     256732 kB
SUnreclaim:       107808 kB
KernelStack:        5984 kB
PageTables:        41936 kB
NFS_Unstable:          0 kB
Bounce:                0 kB
WritebackTmp:          0 kB
CommitLimit:    66138548 kB
Committed_AS:    3915880 kB
VmallocTotal:   34359738367 kB
VmallocUsed:      699364 kB
VmallocChunk:   34291910140 kB
HardwareCorrupted:     0 kB
AnonHugePages:         0 kB
HugePages_Total:       0
HugePages_Free:        0
HugePages_Rsvd:        0
HugePages_Surp:        0
Hugepagesize:       2048 kB
DirectMap4k:      352276 kB
DirectMap2M:    11153408 kB
DirectMap1G:    122683392 kB


CPU:total 32 (8 cores per cpu, 2 threads per core) family 6 model 45 stepping 7, cmov, cx8, fxsr, mmx, sse, sse2, sse3, ssse3, sse4.1, sse4.2, popcnt, ht

Memory: 4k page, physical 132277100k(125446920k free), swap 0k(0k free)

vm_info: OpenJDK 64-Bit Server VM (20.0-b12) for linux-amd64 JRE (1.6.0_27-b27), built on Apr 25 2013 11:31:01 by "doko" with gcc 4.7.2

time: Tue Jun  3 12:47:44 2014
elapsed time: 0 seconds

