#
# A fatal error has been detected by the Java Runtime Environment:
#
#  SIGSEGV (0xb) at pc=0x00007f7a19170abe, pid=31147, tid=140162633148160
#
# JRE version: 6.0_27-b27
# Java VM: OpenJDK 64-Bit Server VM (20.0-b12 mixed mode linux-amd64 compressed oops)
# Derivative: IcedTea6 1.12.5
# Distribution: Debian GNU/Linux 7.0 (wheezy), package 6b27-1.12.5-1
# Problematic frame:
# C  [libgdk-x11-2.0.so.0+0x73abe]  gdk_window_enable_synchronized_configure+0xe
#
# If you would like to submit a bug report, please include
# instructions how to reproduce the bug and visit:
#   http://icedtea.classpath.org/bugzilla
# The crash happened outside the Java Virtual Machine in native code.
# See problematic frame for where to report the bug.
#

---------------  T H R E A D  ---------------

Current thread (0x0000000001427800):  JavaThread "main" [_thread_in_native, id=31148, stack(0x00007f7a27e5a000,0x00007f7a27f5b000)]

siginfo:si_signo=SIGSEGV: si_errno=0, si_code=1 (SEGV_MAPERR), si_addr=0x0000000000000018

Registers:
RAX=0x0000000000000000, RBX=0x00007f7a1c13f060, RCX=0x00007f7a27f5a700, RDX=0x00007f7a27b422a0
RSP=0x00007f7a27f58df0, RBP=0x00007f7a1c13f150, RSI=0x0000000000000000, RDI=0x0000000000000000
R8 =0x00007f7a1c122980, R9 =0x0000000000000020, R10=0x0000000000000000, R11=0x00007f7a19170ab0
R12=0x00007f7a27f58e30, R13=0x0000000000000000, R14=0x0000000000000260, R15=0x0000000000000000
RIP=0x00007f7a19170abe, EFLAGS=0x0000000000010206, CSGSFS=0x0000000000000033, ERR=0x0000000000000004
  TRAPNO=0x000000000000000e

Top of Stack: (sp=0x00007f7a27f58df0)
0x00007f7a27f58df0:   0000000000000020 00007f7a1c13f060
0x00007f7a27f58e00:   00007f7a1c13f150 00007f7a14c97a73
0x00007f7a27f58e10:   00000000c5ccbfc5 00007f7a27f59230
0x00007f7a27f58e20:   00007f7a1c150db0 00007f7a19d0886e
0x00007f7a27f58e30:   00007f7a1c11d800 00007f7a0000fc02
0x00007f7a27f58e40:   0000028000000000 0000000000000140
0x00007f7a27f58e50:   0000000000000000 0000000000000000
0x00007f7a27f58e60:   00007f7a00000001 00007f7a19d03d40
0x00007f7a27f58e70:   00007f7a1c13de60 00007f7a1c13ca50
0x00007f7a27f58e80:   000000001c150db0 00007f7a19d059a7
0x00007f7a27f58e90:   00007f7a19d03d40 0000000000000000
0x00007f7a27f58ea0:   00000000ffffffff 00007f7a1c152130
0x00007f7a27f58eb0:   0000000000000000 00007f7a19d059a7
0x00007f7a27f58ec0:   0000000000000000 0000000000000000
0x00007f7a27f58ed0:   0000000000000000 00007f7a1c13f060
0x00007f7a27f58ee0:   00007f7a27f59188 00000000000000e0
0x00007f7a27f58ef0:   00007f7a40000002 00007f7a1c13f060
0x00007f7a27f58f00:   0000000500000000 0000000000000000
0x00007f7a27f58f10:   0000000000000000 00007f7a19a36669
0x00007f7a27f58f20:   00007f7a1c150e40 00007f7a1c13f060
0x00007f7a27f58f30:   00007f7a1c150e40 0000000000000000
0x00007f7a27f58f40:   00007f7a27f59170 00007f7a1c150180
0x00007f7a27f58f50:   00007f7a1c152130 0000000000000000
0x00007f7a27f58f60:   00007f7a27f59040 00007f7a19d1e006
0x00007f7a27f58f70:   0000000000000001 00007f7a1c13f060
0x00007f7a27f58f80:   0000000000000004 0000000000000004
0x00007f7a27f58f90:   00007f7a27f59188 00007f7a1c150180
0x00007f7a27f58fa0:   0000000000000000 00007f7a1c13f060
0x00007f7a27f58fb0:   0000000000000004 0000000000000004
0x00007f7a27f58fc0:   0000000000000000 0000000000000000
0x00007f7a27f58fd0:   0000000000000000 00007f7a14a64e27
0x00007f7a27f58fe0:   0000000000000000 0000000000000000 

Instructions: (pc=0x00007f7a19170abe)
0x00007f7a19170a9e:   00 48 83 c4 38 e9 88 85 ff ff 0f 1f 84 00 00 00
0x00007f7a19170aae:   00 00 48 89 5c 24 f0 48 89 6c 24 f8 48 83 ec 18
0x00007f7a19170abe:   48 8b 5f 18 48 89 fd e8 06 9e ff ff 48 85 db 74
0x00007f7a19170ace:   22 48 8b 13 48 85 d2 74 05 48 39 02 74 0f 48 89 

Register to memory mapping:

RAX=0x0000000000000000 is an unknown value
RBX=0x00007f7a1c13f060 is an unknown value
RCX=0x00007f7a27f5a700 is pointing into the stack for thread: 0x0000000001427800
RDX=0x00007f7a27b422a0: <offset 0x2172a0> in /lib/x86_64-linux-gnu/libpthread.so.0 at 0x00007f7a2792b000
RSP=0x00007f7a27f58df0 is pointing into the stack for thread: 0x0000000001427800
RBP=0x00007f7a1c13f150 is an unknown value
RSI=0x0000000000000000 is an unknown value
RDI=0x0000000000000000 is an unknown value
R8 =0x00007f7a1c122980 is an unknown value
R9 =0x0000000000000020 is an unknown value
R10=0x0000000000000000 is an unknown value
R11=0x00007f7a19170ab0: gdk_window_enable_synchronized_configure+0 in /usr/lib/x86_64-linux-gnu/libgdk-x11-2.0.so.0 at 0x00007f7a190fd000
R12=0x00007f7a27f58e30 is pointing into the stack for thread: 0x0000000001427800
R13=0x0000000000000000 is an unknown value
R14=0x0000000000000260 is an unknown value
R15=0x0000000000000000 is an unknown value


Stack: [0x00007f7a27e5a000,0x00007f7a27f5b000],  sp=0x00007f7a27f58df0,  free space=1019k
Native frames: (J=compiled Java code, j=interpreted, Vv=VM code, C=native code)
C  [libgdk-x11-2.0.so.0+0x73abe]  gdk_window_enable_synchronized_configure+0xe

Java frames: (J=compiled Java code, j=interpreted, Vv=VM code)
j  org.eclipse.equinox.launcher.JNIBridge._show_splash(Ljava/lang/String;)V+0
j  org.eclipse.equinox.launcher.JNIBridge.showSplash(Ljava/lang/String;)Z+2
j  org.eclipse.equinox.launcher.Main.handleSplash([Ljava/net/URL;)V+157
j  org.eclipse.equinox.launcher.Main.basicRun([Ljava/lang/String;)V+116
j  org.eclipse.equinox.launcher.Main.run([Ljava/lang/String;)I+4
j  org.eclipse.equinox.launcher.Main.main([Ljava/lang/String;)V+10
v  ~StubRoutines::call_stub

---------------  P R O C E S S  ---------------

Java Threads: ( => current thread )
  0x00007f7a1c027000 JavaThread "Low Memory Detector" daemon [_thread_blocked, id=31178, stack(0x00007f7a1a16c000,0x00007f7a1a26d000)]
  0x00007f7a1c024800 JavaThread "C2 CompilerThread1" daemon [_thread_blocked, id=31177, stack(0x00007f7a1a26d000,0x00007f7a1a36e000)]
  0x00007f7a1c021800 JavaThread "C2 CompilerThread0" daemon [_thread_in_native, id=31176, stack(0x00007f7a1a36e000,0x00007f7a1a46f000)]
  0x00007f7a1c020000 JavaThread "Signal Dispatcher" daemon [_thread_blocked, id=31175, stack(0x00007f7a1a46f000,0x00007f7a1a570000)]
  0x00007f7a1c001000 JavaThread "Finalizer" daemon [_thread_blocked, id=31174, stack(0x00007f7a1a6e7000,0x00007f7a1a7e8000)]
  0x00000000014bb000 JavaThread "Reference Handler" daemon [_thread_blocked, id=31173, stack(0x00007f7a1a7e8000,0x00007f7a1a8e9000)]
=>0x0000000001427800 JavaThread "main" [_thread_in_native, id=31148, stack(0x00007f7a27e5a000,0x00007f7a27f5b000)]

Other Threads:
  0x00000000014b6000 VMThread [stack: 0x00007f7a1a8e9000,0x00007f7a1a9ea000] [id=31172]
  0x00007f7a1c02a000 WatcherThread [stack: 0x00007f7a1a06b000,0x00007f7a1a16c000] [id=31179]

VM state:not at safepoint (normal execution)

VM Mutex/Monitor currently owned by a thread: None

Heap
 PSYoungGen      total 11968K, used 1490K [0x00000000faab0000, 0x00000000fb800000, 0x0000000100000000)
  eden space 10304K, 14% used [0x00000000faab0000,0x00000000fac24a18,0x00000000fb4c0000)
  from space 1664K, 0% used [0x00000000fb660000,0x00000000fb660000,0x00000000fb800000)
  to   space 1664K, 0% used [0x00000000fb4c0000,0x00000000fb4c0000,0x00000000fb660000)
 PSOldGen        total 27328K, used 0K [0x00000000f0000000, 0x00000000f1ab0000, 0x00000000faab0000)
  object space 27328K, 0% used [0x00000000f0000000,0x00000000f0000000,0x00000000f1ab0000)
 PSPermGen       total 21248K, used 5215K [0x00000000e0000000, 0x00000000e14c0000, 0x00000000f0000000)
  object space 21248K, 24% used [0x00000000e0000000,0x00000000e0517f98,0x00000000e14c0000)

Code Cache  [0x00007f7a21d90000, 0x00007f7a22000000, 0x00007f7a24d90000)
 total_blobs=206 nmethods=11 adapters=150 free_code_cache=49918272 largest_free_block=6016

Dynamic libraries:
00400000-00409000 r-xp 00000000 08:55 135395                             /usr/lib/jvm/java-6-openjdk-amd64/jre/bin/java
00608000-00609000 rw-p 00008000 08:55 135395                             /usr/lib/jvm/java-6-openjdk-amd64/jre/bin/java
0141c000-017b9000 rw-p 00000000 00:00 0                                  [heap]
e0000000-e14c0000 rw-p 00000000 00:00 0 
e14c0000-f0000000 rw-p 00000000 00:00 0 
f0000000-f1ab0000 rw-p 00000000 00:00 0 
f1ab0000-faab0000 rw-p 00000000 00:00 0 
faab0000-fb800000 rw-p 00000000 00:00 0 
fb800000-100000000 rw-p 00000000 00:00 0 
7f7a1456f000-7f7a14606000 rw-p 00000000 00:00 0 
7f7a14606000-7f7a14609000 r-xp 00000000 08:55 4456493                    /usr/lib/x86_64-linux-gnu/gdk-pixbuf-2.0/2.10.0/loaders/libpixbufloader-bmp.so
7f7a14609000-7f7a14809000 ---p 00003000 08:55 4456493                    /usr/lib/x86_64-linux-gnu/gdk-pixbuf-2.0/2.10.0/loaders/libpixbufloader-bmp.so
7f7a14809000-7f7a1480a000 r--p 00003000 08:55 4456493                    /usr/lib/x86_64-linux-gnu/gdk-pixbuf-2.0/2.10.0/loaders/libpixbufloader-bmp.so
7f7a1480a000-7f7a1480b000 rw-p 00004000 08:55 4456493                    /usr/lib/x86_64-linux-gnu/gdk-pixbuf-2.0/2.10.0/loaders/libpixbufloader-bmp.so
7f7a1480b000-7f7a1482c000 r-xp 00000000 08:55 4202363                    /usr/lib/x86_64-linux-gnu/libatk-1.0.so.0.20409.1
7f7a1482c000-7f7a14a2b000 ---p 00021000 08:55 4202363                    /usr/lib/x86_64-linux-gnu/libatk-1.0.so.0.20409.1
7f7a14a2b000-7f7a14a2d000 r--p 00020000 08:55 4202363                    /usr/lib/x86_64-linux-gnu/libatk-1.0.so.0.20409.1
7f7a14a2d000-7f7a14a2e000 rw-p 00022000 08:55 4202363                    /usr/lib/x86_64-linux-gnu/libatk-1.0.so.0.20409.1
7f7a14a2e000-7f7a14e60000 r-xp 00000000 08:55 4203845                    /usr/lib/x86_64-linux-gnu/libgtk-x11-2.0.so.0.2400.10
7f7a14e60000-7f7a15060000 ---p 00432000 08:55 4203845                    /usr/lib/x86_64-linux-gnu/libgtk-x11-2.0.so.0.2400.10
7f7a15060000-7f7a1506b000 rw-p 00432000 08:55 4203845                    /usr/lib/x86_64-linux-gnu/libgtk-x11-2.0.so.0.2400.10
7f7a1506b000-7f7a1506d000 rw-p 00000000 00:00 0 
7f7a1506d000-7f7a15072000 r-xp 00000000 08:55 4201684                    /usr/lib/x86_64-linux-gnu/libXdmcp.so.6.0.0
7f7a15072000-7f7a15271000 ---p 00005000 08:55 4201684                    /usr/lib/x86_64-linux-gnu/libXdmcp.so.6.0.0
7f7a15271000-7f7a15272000 rw-p 00004000 08:55 4201684                    /usr/lib/x86_64-linux-gnu/libXdmcp.so.6.0.0
7f7a15272000-7f7a15274000 r-xp 00000000 08:55 4201682                    /usr/lib/x86_64-linux-gnu/libXau.so.6.0.0
7f7a15274000-7f7a15474000 ---p 00002000 08:55 4201682                    /usr/lib/x86_64-linux-gnu/libXau.so.6.0.0
7f7a15474000-7f7a15475000 rw-p 00002000 08:55 4201682                    /usr/lib/x86_64-linux-gnu/libXau.so.6.0.0
7f7a15475000-7f7a15494000 r-xp 00000000 08:55 4201686                    /usr/lib/x86_64-linux-gnu/libxcb.so.1.1.0
7f7a15494000-7f7a15693000 ---p 0001f000 08:55 4201686                    /usr/lib/x86_64-linux-gnu/libxcb.so.1.1.0
7f7a15693000-7f7a15694000 r--p 0001e000 08:55 4201686                    /usr/lib/x86_64-linux-gnu/libxcb.so.1.1.0
7f7a15694000-7f7a15695000 rw-p 0001f000 08:55 4201686                    /usr/lib/x86_64-linux-gnu/libxcb.so.1.1.0
7f7a15695000-7f7a1569d000 r-xp 00000000 08:55 4202174                    /usr/lib/x86_64-linux-gnu/libxcb-render.so.0.0.0
7f7a1569d000-7f7a1589d000 ---p 00008000 08:55 4202174                    /usr/lib/x86_64-linux-gnu/libxcb-render.so.0.0.0
7f7a1589d000-7f7a1589e000 r--p 00008000 08:55 4202174                    /usr/lib/x86_64-linux-gnu/libxcb-render.so.0.0.0
7f7a1589e000-7f7a1589f000 rw-p 00009000 08:55 4202174                    /usr/lib/x86_64-linux-gnu/libxcb-render.so.0.0.0
7f7a1589f000-7f7a158a1000 r-xp 00000000 08:55 4202176                    /usr/lib/x86_64-linux-gnu/libxcb-shm.so.0.0.0
7f7a158a1000-7f7a15aa0000 ---p 00002000 08:55 4202176                    /usr/lib/x86_64-linux-gnu/libxcb-shm.so.0.0.0
7f7a15aa0000-7f7a15aa1000 r--p 00001000 08:55 4202176                    /usr/lib/x86_64-linux-gnu/libxcb-shm.so.0.0.0
7f7a15aa1000-7f7a15aa2000 rw-p 00002000 08:55 4202176                    /usr/lib/x86_64-linux-gnu/libxcb-shm.so.0.0.0
7f7a15aa2000-7f7a15b22000 r-xp 00000000 08:55 4202172                    /usr/lib/x86_64-linux-gnu/libpixman-1.so.0.26.0
7f7a15b22000-7f7a15d22000 ---p 00080000 08:55 4202172                    /usr/lib/x86_64-linux-gnu/libpixman-1.so.0.26.0
7f7a15d22000-7f7a15d28000 rw-p 00080000 08:55 4202172                    /usr/lib/x86_64-linux-gnu/libpixman-1.so.0.26.0
7f7a15d28000-7f7a15d4f000 r-xp 00000000 08:55 3935743                    /lib/x86_64-linux-gnu/libexpat.so.1.6.0
7f7a15d4f000-7f7a15f4f000 ---p 00027000 08:55 3935743                    /lib/x86_64-linux-gnu/libexpat.so.1.6.0
7f7a15f4f000-7f7a15f51000 r--p 00027000 08:55 3935743                    /lib/x86_64-linux-gnu/libexpat.so.1.6.0
7f7a15f51000-7f7a15f52000 rw-p 00029000 08:55 3935743                    /lib/x86_64-linux-gnu/libexpat.so.1.6.0
7f7a15f52000-7f7a15f65000 r-xp 00000000 08:55 3932181                    /lib/x86_64-linux-gnu/libresolv-2.13.so
7f7a15f65000-7f7a16164000 ---p 00013000 08:55 3932181                    /lib/x86_64-linux-gnu/libresolv-2.13.so
7f7a16164000-7f7a16165000 r--p 00012000 08:55 3932181                    /lib/x86_64-linux-gnu/libresolv-2.13.so
7f7a16165000-7f7a16166000 rw-p 00013000 08:55 3932181                    /lib/x86_64-linux-gnu/libresolv-2.13.so
7f7a16166000-7f7a16168000 rw-p 00000000 00:00 0 
7f7a16168000-7f7a16186000 r-xp 00000000 08:55 3932198                    /lib/x86_64-linux-gnu/libselinux.so.1
7f7a16186000-7f7a16385000 ---p 0001e000 08:55 3932198                    /lib/x86_64-linux-gnu/libselinux.so.1
7f7a16385000-7f7a16386000 r--p 0001d000 08:55 3932198                    /lib/x86_64-linux-gnu/libselinux.so.1
7f7a16386000-7f7a16387000 rw-p 0001e000 08:55 3932198                    /lib/x86_64-linux-gnu/libselinux.so.1
7f7a16387000-7f7a16388000 rw-p 00000000 00:00 0 
7f7a16388000-7f7a163ae000 r-xp 00000000 08:55 3935787                    /lib/x86_64-linux-gnu/libpng12.so.0.49.0
7f7a163ae000-7f7a165ad000 ---p 00026000 08:55 3935787                    /lib/x86_64-linux-gnu/libpng12.so.0.49.0
7f7a165ad000-7f7a165ae000 r--p 00025000 08:55 3935787                    /lib/x86_64-linux-gnu/libpng12.so.0.49.0
7f7a165ae000-7f7a165af000 rw-p 00026000 08:55 3935787                    /lib/x86_64-linux-gnu/libpng12.so.0.49.0
7f7a165af000-7f7a16648000 r-xp 00000000 08:55 4201664                    /usr/lib/x86_64-linux-gnu/libfreetype.so.6.8.1
7f7a16648000-7f7a16847000 ---p 00099000 08:55 4201664                    /usr/lib/x86_64-linux-gnu/libfreetype.so.6.8.1
7f7a16847000-7f7a1684d000 r--p 00098000 08:55 4201664                    /usr/lib/x86_64-linux-gnu/libfreetype.so.6.8.1
7f7a1684d000-7f7a1684e000 rw-p 0009e000 08:55 4201664                    /usr/lib/x86_64-linux-gnu/libfreetype.so.6.8.1
7f7a1684e000-7f7a16878000 r-xp 00000000 08:55 4202210                    /usr/lib/x86_64-linux-gnu/libpangoft2-1.0.so.0.3000.0
7f7a16878000-7f7a16a77000 ---p 0002a000 08:55 4202210                    /usr/lib/x86_64-linux-gnu/libpangoft2-1.0.so.0.3000.0
7f7a16a77000-7f7a16a78000 r--p 00029000 08:55 4202210                    /usr/lib/x86_64-linux-gnu/libpangoft2-1.0.so.0.3000.0
7f7a16a78000-7f7a16a79000 rw-p 0002a000 08:55 4202210                    /usr/lib/x86_64-linux-gnu/libpangoft2-1.0.so.0.3000.0
7f7a16a79000-7f7a16a7c000 r-xp 00000000 08:55 4201475                    /usr/lib/x86_64-linux-gnu/libgmodule-2.0.so.0.3200.4
7f7a16a7c000-7f7a16c7b000 ---p 00003000 08:55 4201475                    /usr/lib/x86_64-linux-gnu/libgmodule-2.0.so.0.3200.4
7f7a16c7b000-7f7a16c7c000 r--p 00002000 08:55 4201475                    /usr/lib/x86_64-linux-gnu/libgmodule-2.0.so.0.3200.4
7f7a16c7c000-7f7a16c7d000 rw-p 00003000 08:55 4201475                    /usr/lib/x86_64-linux-gnu/libgmodule-2.0.so.0.3200.4
7f7a16c7d000-7f7a16db2000 r-xp 00000000 08:55 4201691                    /usr/lib/x86_64-linux-gnu/libX11.so.6.3.0
7f7a16db2000-7f7a16fb2000 ---p 00135000 08:55 4201691                    /usr/lib/x86_64-linux-gnu/libX11.so.6.3.0
7f7a16fb2000-7f7a16fb8000 rw-p 00135000 08:55 4201691                    /usr/lib/x86_64-linux-gnu/libX11.so.6.3.0
7f7a16fb8000-7f7a170ac000 r-xp 00000000 08:55 4202180                    /usr/lib/x86_64-linux-gnu/libcairo.so.2.11200.2
7f7a170ac000-7f7a172ab000 ---p 000f4000 08:55 4202180                    /usr/lib/x86_64-linux-gnu/libcairo.so.2.11200.2
7f7a172ab000-7f7a172ae000 r--p 000f3000 08:55 4202180                    /usr/lib/x86_64-linux-gnu/libcairo.so.2.11200.2
7f7a172ae000-7f7a172af000 rw-p 000f6000 08:55 4202180                    /usr/lib/x86_64-linux-gnu/libcairo.so.2.11200.2
7f7a172af000-7f7a172b1000 rw-p 00000000 00:00 0 
7f7a172b1000-7f7a172b6000 r-xp 00000000 08:55 4202385                    /usr/lib/x86_64-linux-gnu/libXfixes.so.3.1.0
7f7a172b6000-7f7a174b5000 ---p 00005000 08:55 4202385                    /usr/lib/x86_64-linux-gnu/libXfixes.so.3.1.0
7f7a174b5000-7f7a174b6000 r--p 00004000 08:55 4202385                    /usr/lib/x86_64-linux-gnu/libXfixes.so.3.1.0
7f7a174b6000-7f7a174b7000 rw-p 00005000 08:55 4202385                    /usr/lib/x86_64-linux-gnu/libXfixes.so.3.1.0
7f7a174b7000-7f7a174b9000 r-xp 00000000 08:55 4202387                    /usr/lib/x86_64-linux-gnu/libXdamage.so.1.1.0
7f7a174b9000-7f7a176b8000 ---p 00002000 08:55 4202387                    /usr/lib/x86_64-linux-gnu/libXdamage.so.1.1.0
7f7a176b8000-7f7a176b9000 rw-p 00001000 08:55 4202387                    /usr/lib/x86_64-linux-gnu/libXdamage.so.1.1.0
7f7a176b9000-7f7a176bb000 r-xp 00000000 08:55 4202383                    /usr/lib/x86_64-linux-gnu/libXcomposite.so.1.0.0
7f7a176bb000-7f7a178ba000 ---p 00002000 08:55 4202383                    /usr/lib/x86_64-linux-gnu/libXcomposite.so.1.0.0
7f7a178ba000-7f7a178bb000 rw-p 00001000 08:55 4202383                    /usr/lib/x86_64-linux-gnu/libXcomposite.so.1.0.0
7f7a178bb000-7f7a178c5000 r-xp 00000000 08:55 4202554                    /usr/lib/x86_64-linux-gnu/libXcursor.so.1.0.2
7f7a178c5000-7f7a17ac4000 ---p 0000a000 08:55 4202554                    /usr/lib/x86_64-linux-gnu/libXcursor.so.1.0.2
7f7a17ac4000-7f7a17ac5000 rw-p 00009000 08:55 4202554                    /usr/lib/x86_64-linux-gnu/libXcursor.so.1.0.2
7f7a17ac5000-7f7a17acc000 r-xp 00000000 08:55 4202560                    /usr/lib/x86_64-linux-gnu/libXrandr.so.2.2.0
7f7a17acc000-7f7a17ccc000 ---p 00007000 08:55 4202560                    /usr/lib/x86_64-linux-gnu/libXrandr.so.2.2.0
7f7a17ccc000-7f7a17ccd000 rw-p 00007000 08:55 4202560                    /usr/lib/x86_64-linux-gnu/libXrandr.so.2.2.0
7f7a17ccd000-7f7a17cdb000 r-xp 00000000 08:55 4202556                    /usr/lib/x86_64-linux-gnu/libXi.so.6.1.0
7f7a17cdb000-7f7a17edb000 ---p 0000e000 08:55 4202556                    /usr/lib/x86_64-linux-gnu/libXi.so.6.1.0
7f7a17edb000-7f7a17edc000 rw-p 0000e000 08:55 4202556                    /usr/lib/x86_64-linux-gnu/libXi.so.6.1.0
7f7a17edc000-7f7a17ede000 r-xp 00000000 08:55 4202558                    /usr/lib/x86_64-linux-gnu/libXinerama.so.1.0.0
7f7a17ede000-7f7a180dd000 ---p 00002000 08:55 4202558                    /usr/lib/x86_64-linux-gnu/libXinerama.so.1.0.0
7f7a180dd000-7f7a180de000 rw-p 00001000 08:55 4202558                    /usr/lib/x86_64-linux-gnu/libXinerama.so.1.0.0
7f7a180de000-7f7a180e7000 r-xp 00000000 08:55 4202178                    /usr/lib/x86_64-linux-gnu/libXrender.so.1.3.0
7f7a180e7000-7f7a182e6000 ---p 00009000 08:55 4202178                    /usr/lib/x86_64-linux-gnu/libXrender.so.1.3.0
7f7a182e6000-7f7a182e7000 rw-p 00008000 08:55 4202178                    /usr/lib/x86_64-linux-gnu/libXrender.so.1.3.0
7f7a182e7000-7f7a182f8000 r-xp 00000000 08:55 4202389                    /usr/lib/x86_64-linux-gnu/libXext.so.6.4.0
7f7a182f8000-7f7a184f8000 ---p 00011000 08:55 4202389                    /usr/lib/x86_64-linux-gnu/libXext.so.6.4.0
7f7a184f8000-7f7a184f9000 rw-p 00011000 08:55 4202389                    /usr/lib/x86_64-linux-gnu/libXext.so.6.4.0
7f7a184f9000-7f7a1852e000 r-xp 00000000 08:55 4201677                    /usr/lib/x86_64-linux-gnu/libfontconfig.so.1.5.0
7f7a1852e000-7f7a1872e000 ---p 00035000 08:55 4201677                    /usr/lib/x86_64-linux-gnu/libfontconfig.so.1.5.0
7f7a1872e000-7f7a1872f000 r--p 00035000 08:55 4201677                    /usr/lib/x86_64-linux-gnu/libfontconfig.so.1.5.0
7f7a1872f000-7f7a18730000 rw-p 00036000 08:55 4201677                    /usr/lib/x86_64-linux-gnu/libfontconfig.so.1.5.0
7f7a18730000-7f7a1887c000 r-xp 00000000 08:55 4201476                    /usr/lib/x86_64-linux-gnu/libgio-2.0.so.0.3200.4
7f7a1887c000-7f7a18a7b000 ---p 0014c000 08:55 4201476                    /usr/lib/x86_64-linux-gnu/libgio-2.0.so.0.3200.4
7f7a18a7b000-7f7a18a7f000 r--p 0014b000 08:55 4201476                    /usr/lib/x86_64-linux-gnu/libgio-2.0.so.0.3200.4
7f7a18a7f000-7f7a18a81000 rw-p 0014f000 08:55 4201476                    /usr/lib/x86_64-linux-gnu/libgio-2.0.so.0.3200.4
7f7a18a81000-7f7a18a83000 rw-p 00000000 00:00 0 
7f7a18a83000-7f7a18aa2000 r-xp 00000000 08:55 4202169                    /usr/lib/x86_64-linux-gnu/libgdk_pixbuf-2.0.so.0.2600.1
7f7a18aa2000-7f7a18ca1000 ---p 0001f000 08:55 4202169                    /usr/lib/x86_64-linux-gnu/libgdk_pixbuf-2.0.so.0.2600.1
7f7a18ca1000-7f7a18ca2000 r--p 0001e000 08:55 4202169                    /usr/lib/x86_64-linux-gnu/libgdk_pixbuf-2.0.so.0.2600.1
7f7a18ca2000-7f7a18ca3000 rw-p 0001f000 08:55 4202169                    /usr/lib/x86_64-linux-gnu/libgdk_pixbuf-2.0.so.0.2600.1
7f7a18ca3000-7f7a18ced000 r-xp 00000000 08:55 4202206                    /usr/lib/x86_64-linux-gnu/libpango-1.0.so.0.3000.0
7f7a18ced000-7f7a18eed000 ---p 0004a000 08:55 4202206                    /usr/lib/x86_64-linux-gnu/libpango-1.0.so.0.3000.0
7f7a18eed000-7f7a18eef000 r--p 0004a000 08:55 4202206                    /usr/lib/x86_64-linux-gnu/libpango-1.0.so.0.3000.0
7f7a18eef000-7f7a18ef0000 rw-p 0004c000 08:55 4202206                    /usr/lib/x86_64-linux-gnu/libpango-1.0.so.0.3000.0
7f7a18ef0000-7f7a18efc000 r-xp 00000000 08:55 4202207                    /usr/lib/x86_64-linux-gnu/libpangocairo-1.0.so.0.3000.0
7f7a18efc000-7f7a190fb000 ---p 0000c000 08:55 4202207                    /usr/lib/x86_64-linux-gnu/libpangocairo-1.0.so.0.3000.0
7f7a190fb000-7f7a190fc000 r--p 0000b000 08:55 4202207                    /usr/lib/x86_64-linux-gnu/libpangocairo-1.0.so.0.3000.0
7f7a190fc000-7f7a190fd000 rw-p 0000c000 08:55 4202207                    /usr/lib/x86_64-linux-gnu/libpangocairo-1.0.so.0.3000.0
7f7a190fd000-7f7a191ac000 r-xp 00000000 08:55 4203865                    /usr/lib/x86_64-linux-gnu/libgdk-x11-2.0.so.0.2400.10
7f7a191ac000-7f7a193ab000 ---p 000af000 08:55 4203865                    /usr/lib/x86_64-linux-gnu/libgdk-x11-2.0.so.0.2400.10
7f7a193ab000-7f7a193b0000 rw-p 000ae000 08:55 4203865                    /usr/lib/x86_64-linux-gnu/libgdk-x11-2.0.so.0.2400.10
7f7a193b0000-7f7a193ec000 r-xp 00000000 08:55 3935777                    /lib/x86_64-linux-gnu/libpcre.so.3.13.1
7f7a193ec000-7f7a195ec000 ---p 0003c000 08:55 3935777                    /lib/x86_64-linux-gnu/libpcre.so.3.13.1
7f7a195ec000-7f7a195ed000 rw-p 0003c000 08:55 3935777                    /lib/x86_64-linux-gnu/libpcre.so.3.13.1
7f7a195ed000-7f7a195f9000 r-xp 00000000 08:55 4201471                    /usr/lib/x86_64-linux-gnu/libffi.so.5.0.10
7f7a195f9000-7f7a197f9000 ---p 0000c000 08:55 4201471                    /usr/lib/x86_64-linux-gnu/libffi.so.5.0.10
7f7a197f9000-7f7a197fa000 rw-p 0000c000 08:55 4201471                    /usr/lib/x86_64-linux-gnu/libffi.so.5.0.10
7f7a197fa000-7f7a197fb000 r-xp 00000000 08:55 4201474                    /usr/lib/x86_64-linux-gnu/libgthread-2.0.so.0.3200.4
7f7a197fb000-7f7a199fa000 ---p 00001000 08:55 4201474                    /usr/lib/x86_64-linux-gnu/libgthread-2.0.so.0.3200.4
7f7a199fa000-7f7a199fb000 r--p 00000000 08:55 4201474                    /usr/lib/x86_64-linux-gnu/libgthread-2.0.so.0.3200.4
7f7a199fb000-7f7a199fc000 rw-p 00001000 08:55 4201474                    /usr/lib/x86_64-linux-gnu/libgthread-2.0.so.0.3200.4
7f7a199fc000-7f7a19af1000 r-xp 00000000 08:55 3935783                    /lib/x86_64-linux-gnu/libglib-2.0.so.0.3200.4
7f7a19af1000-7f7a19cf1000 ---p 000f5000 08:55 3935783                    /lib/x86_64-linux-gnu/libglib-2.0.so.0.3200.4
7f7a19cf1000-7f7a19cf2000 r--p 000f5000 08:55 3935783                    /lib/x86_64-linux-gnu/libglib-2.0.so.0.3200.4
7f7a19cf2000-7f7a19cf3000 rw-p 000f6000 08:55 3935783                    /lib/x86_64-linux-gnu/libglib-2.0.so.0.3200.4
7f7a19cf3000-7f7a19cf4000 rw-p 00000000 00:00 0 
7f7a19cf4000-7f7a19d42000 r-xp 00000000 08:55 4201473                    /usr/lib/x86_64-linux-gnu/libgobject-2.0.so.0.3200.4
7f7a19d42000-7f7a19f42000 ---p 0004e000 08:55 4201473                    /usr/lib/x86_64-linux-gnu/libgobject-2.0.so.0.3200.4
7f7a19f42000-7f7a19f43000 r--p 0004e000 08:55 4201473                    /usr/lib/x86_64-linux-gnu/libgobject-2.0.so.0.3200.4
7f7a19f43000-7f7a19f44000 rw-p 0004f000 08:55 4201473                    /usr/lib/x86_64-linux-gnu/libgobject-2.0.so.0.3200.4
7f7a19f44000-7f7a19f53000 r-xp 00000000 08:55 4472408                    /usr/lib/nvidia-nsight/plugins/org.eclipse.equinox.launcher.gtk.linux.x86_64_1.1.100.v20110505/eclipse_1407.so
7f7a19f53000-7f7a1a052000 ---p 0000f000 08:55 4472408                    /usr/lib/nvidia-nsight/plugins/org.eclipse.equinox.launcher.gtk.linux.x86_64_1.1.100.v20110505/eclipse_1407.so
7f7a1a052000-7f7a1a054000 rw-p 0000e000 08:55 4472408                    /usr/lib/nvidia-nsight/plugins/org.eclipse.equinox.launcher.gtk.linux.x86_64_1.1.100.v20110505/eclipse_1407.so
7f7a1a054000-7f7a1a056000 r--s 0009b000 08:55 2246975                    /usr/share/nvidia-nsight/plugins/com.nvidia.cuda.ide_5.0.0.201209260616.jar
7f7a1a056000-7f7a1a059000 r--s 0007f000 08:55 263622                     /usr/lib/jvm/java-6-openjdk-common/jre/lib/jsse.jar
7f7a1a059000-7f7a1a05a000 r--s 0000b000 08:55 2246925                    /usr/share/nvidia-nsight/plugins/org.eclipse.equinox.launcher_1.2.0.v20110502.jar
7f7a1a05a000-7f7a1a05d000 r--s 00031000 08:55 263612                     /usr/lib/jvm/java-6-openjdk-common/jre/lib/ext/sunjce_provider.jar
7f7a1a05d000-7f7a1a060000 r--s 00077000 08:55 263610                     /usr/lib/jvm/java-6-openjdk-common/jre/lib/ext/localedata.jar
7f7a1a060000-7f7a1a063000 r--s 0000f000 08:55 263609                     /usr/lib/jvm/java-6-openjdk-common/jre/lib/ext/pulse-java.jar
7f7a1a063000-7f7a1a067000 r--s 00039000 08:55 263611                     /usr/lib/jvm/java-6-openjdk-common/jre/lib/ext/sunpkcs11.jar
7f7a1a067000-7f7a1a068000 r--s 00007000 08:55 131946                     /usr/share/java/java-atk-wrapper.jar
7f7a1a068000-7f7a1a06a000 r--s 00001000 08:55 263608                     /usr/lib/jvm/java-6-openjdk-common/jre/lib/ext/dnsns.jar
7f7a1a06a000-7f7a1a06b000 r--s 0000b000 08:55 2246925                    /usr/share/nvidia-nsight/plugins/org.eclipse.equinox.launcher_1.2.0.v20110502.jar
7f7a1a06b000-7f7a1a06c000 ---p 00000000 00:00 0 
7f7a1a06c000-7f7a1a16c000 rw-p 00000000 00:00 0 
7f7a1a16c000-7f7a1a16f000 ---p 00000000 00:00 0 
7f7a1a16f000-7f7a1a26d000 rw-p 00000000 00:00 0 
7f7a1a26d000-7f7a1a270000 ---p 00000000 00:00 0 
7f7a1a270000-7f7a1a36e000 rw-p 00000000 00:00 0 
7f7a1a36e000-7f7a1a371000 ---p 00000000 00:00 0 
7f7a1a371000-7f7a1a46f000 rw-p 00000000 00:00 0 
7f7a1a46f000-7f7a1a472000 ---p 00000000 00:00 0 
7f7a1a472000-7f7a1a570000 rw-p 00000000 00:00 0 
7f7a1a570000-7f7a1a6e7000 r--p 00000000 08:55 4200736                    /usr/lib/locale/locale-archive
7f7a1a6e7000-7f7a1a6ea000 ---p 00000000 00:00 0 
7f7a1a6ea000-7f7a1a7e8000 rw-p 00000000 00:00 0 
7f7a1a7e8000-7f7a1a7eb000 ---p 00000000 00:00 0 
7f7a1a7eb000-7f7a1a8e9000 rw-p 00000000 00:00 0 
7f7a1a8e9000-7f7a1a8ea000 ---p 00000000 00:00 0 
7f7a1a8ea000-7f7a1c000000 rw-p 00000000 00:00 0 
7f7a1c000000-7f7a1c182000 rw-p 00000000 00:00 0 
7f7a1c182000-7f7a20000000 ---p 00000000 00:00 0 
7f7a20093000-7f7a200b2000 r--s 00000000 08:55 4461704                    /usr/share/mime/mime.cache
7f7a200b2000-7f7a202e7000 rw-p 00000000 00:00 0 
7f7a202e7000-7f7a2047a000 r--s 037db000 08:55 264351                     /usr/lib/jvm/java-6-openjdk-amd64/jre/lib/rt.jar
7f7a2047a000-7f7a204a2000 rw-p 00000000 00:00 0 
7f7a204a2000-7f7a204a3000 ---p 00000000 00:00 0 
7f7a204a3000-7f7a205a3000 rw-p 00000000 00:00 0 
7f7a205a3000-7f7a205a4000 ---p 00000000 00:00 0 
7f7a205a4000-7f7a206a4000 rw-p 00000000 00:00 0 
7f7a206a4000-7f7a206a5000 ---p 00000000 00:00 0 
7f7a206a5000-7f7a207a5000 rw-p 00000000 00:00 0 
7f7a207a5000-7f7a207a6000 ---p 00000000 00:00 0 
7f7a207a6000-7f7a208a6000 rw-p 00000000 00:00 0 
7f7a208a6000-7f7a208a7000 ---p 00000000 00:00 0 
7f7a208a7000-7f7a209a7000 rw-p 00000000 00:00 0 
7f7a209a7000-7f7a209a8000 ---p 00000000 00:00 0 
7f7a209a8000-7f7a20aa8000 rw-p 00000000 00:00 0 
7f7a20aa8000-7f7a20aa9000 ---p 00000000 00:00 0 
7f7a20aa9000-7f7a20ba9000 rw-p 00000000 00:00 0 
7f7a20ba9000-7f7a20baa000 ---p 00000000 00:00 0 
7f7a20baa000-7f7a20caa000 rw-p 00000000 00:00 0 
7f7a20caa000-7f7a20cab000 ---p 00000000 00:00 0 
7f7a20cab000-7f7a20dab000 rw-p 00000000 00:00 0 
7f7a20dab000-7f7a20dac000 ---p 00000000 00:00 0 
7f7a20dac000-7f7a20eac000 rw-p 00000000 00:00 0 
7f7a20eac000-7f7a20ead000 ---p 00000000 00:00 0 
7f7a20ead000-7f7a20fad000 rw-p 00000000 00:00 0 
7f7a20fad000-7f7a20fae000 ---p 00000000 00:00 0 
7f7a20fae000-7f7a210ae000 rw-p 00000000 00:00 0 
7f7a210ae000-7f7a210af000 ---p 00000000 00:00 0 
7f7a210af000-7f7a211af000 rw-p 00000000 00:00 0 
7f7a211af000-7f7a211b0000 ---p 00000000 00:00 0 
7f7a211b0000-7f7a212b0000 rw-p 00000000 00:00 0 
7f7a212b0000-7f7a212b1000 ---p 00000000 00:00 0 
7f7a212b1000-7f7a213b1000 rw-p 00000000 00:00 0 
7f7a213b1000-7f7a213b2000 ---p 00000000 00:00 0 
7f7a213b2000-7f7a214b2000 rw-p 00000000 00:00 0 
7f7a214b2000-7f7a214b3000 ---p 00000000 00:00 0 
7f7a214b3000-7f7a215b3000 rw-p 00000000 00:00 0 
7f7a215b3000-7f7a215b4000 ---p 00000000 00:00 0 
7f7a215b4000-7f7a216b4000 rw-p 00000000 00:00 0 
7f7a216b4000-7f7a216b5000 ---p 00000000 00:00 0 
7f7a216b5000-7f7a217b5000 rw-p 00000000 00:00 0 
7f7a217b5000-7f7a217b6000 ---p 00000000 00:00 0 
7f7a217b6000-7f7a218b6000 rw-p 00000000 00:00 0 
7f7a218b6000-7f7a218b7000 ---p 00000000 00:00 0 
7f7a218b7000-7f7a219b7000 rw-p 00000000 00:00 0 
7f7a219b7000-7f7a219b8000 ---p 00000000 00:00 0 
7f7a219b8000-7f7a21ab8000 rw-p 00000000 00:00 0 
7f7a21ab8000-7f7a21ab9000 ---p 00000000 00:00 0 
7f7a21ab9000-7f7a21bc4000 rw-p 00000000 00:00 0 
7f7a21bc4000-7f7a21c39000 rw-p 00000000 00:00 0 
7f7a21c39000-7f7a21c47000 rw-p 00000000 00:00 0 
7f7a21c47000-7f7a21c8f000 rw-p 00000000 00:00 0 
7f7a21c8f000-7f7a21c9a000 rw-p 00000000 00:00 0 
7f7a21c9a000-7f7a21d0f000 rw-p 00000000 00:00 0 
7f7a21d0f000-7f7a21d1d000 rw-p 00000000 00:00 0 
7f7a21d1d000-7f7a21d64000 rw-p 00000000 00:00 0 
7f7a21d64000-7f7a21d6b000 rw-p 00000000 00:00 0 
7f7a21d6b000-7f7a21d8f000 rw-p 00000000 00:00 0 
7f7a21d8f000-7f7a21d90000 rw-p 00000000 00:00 0 
7f7a21d90000-7f7a22000000 rwxp 00000000 00:00 0 
7f7a22000000-7f7a24d90000 rw-p 00000000 00:00 0 
7f7a24d90000-7f7a24d97000 r-xp 00000000 08:55 264363                     /usr/lib/jvm/java-6-openjdk-amd64/jre/lib/amd64/libzip.so
7f7a24d97000-7f7a24f96000 ---p 00007000 08:55 264363                     /usr/lib/jvm/java-6-openjdk-amd64/jre/lib/amd64/libzip.so
7f7a24f96000-7f7a24f97000 rw-p 00006000 08:55 264363                     /usr/lib/jvm/java-6-openjdk-amd64/jre/lib/amd64/libzip.so
7f7a24f97000-7f7a24fa2000 r-xp 00000000 08:55 3932173                    /lib/x86_64-linux-gnu/libnss_files-2.13.so
7f7a24fa2000-7f7a251a1000 ---p 0000b000 08:55 3932173                    /lib/x86_64-linux-gnu/libnss_files-2.13.so
7f7a251a1000-7f7a251a2000 r--p 0000a000 08:55 3932173                    /lib/x86_64-linux-gnu/libnss_files-2.13.so
7f7a251a2000-7f7a251a3000 rw-p 0000b000 08:55 3932173                    /lib/x86_64-linux-gnu/libnss_files-2.13.so
7f7a251a3000-7f7a251ad000 r-xp 00000000 08:55 3932185                    /lib/x86_64-linux-gnu/libnss_nis-2.13.so
7f7a251ad000-7f7a253ac000 ---p 0000a000 08:55 3932185                    /lib/x86_64-linux-gnu/libnss_nis-2.13.so
7f7a253ac000-7f7a253ad000 r--p 00009000 08:55 3932185                    /lib/x86_64-linux-gnu/libnss_nis-2.13.so
7f7a253ad000-7f7a253ae000 rw-p 0000a000 08:55 3932185                    /lib/x86_64-linux-gnu/libnss_nis-2.13.so
7f7a253ae000-7f7a253b5000 r-xp 00000000 08:55 3932175                    /lib/x86_64-linux-gnu/libnss_compat-2.13.so
7f7a253b5000-7f7a255b4000 ---p 00007000 08:55 3932175                    /lib/x86_64-linux-gnu/libnss_compat-2.13.so
7f7a255b4000-7f7a255b5000 r--p 00006000 08:55 3932175                    /lib/x86_64-linux-gnu/libnss_compat-2.13.so
7f7a255b5000-7f7a255b6000 rw-p 00007000 08:55 3932175                    /lib/x86_64-linux-gnu/libnss_compat-2.13.so
7f7a255b6000-7f7a255cb000 r-xp 00000000 08:55 3932183                    /lib/x86_64-linux-gnu/libnsl-2.13.so
7f7a255cb000-7f7a257ca000 ---p 00015000 08:55 3932183                    /lib/x86_64-linux-gnu/libnsl-2.13.so
7f7a257ca000-7f7a257cb000 r--p 00014000 08:55 3932183                    /lib/x86_64-linux-gnu/libnsl-2.13.so
7f7a257cb000-7f7a257cc000 rw-p 00015000 08:55 3932183                    /lib/x86_64-linux-gnu/libnsl-2.13.so
7f7a257cc000-7f7a257ce000 rw-p 00000000 00:00 0 
7f7a257ce000-7f7a257fc000 r-xp 00000000 08:55 264366                     /usr/lib/jvm/java-6-openjdk-amd64/jre/lib/amd64/libjava.so
7f7a257fc000-7f7a259fb000 ---p 0002e000 08:55 264366                     /usr/lib/jvm/java-6-openjdk-amd64/jre/lib/amd64/libjava.so
7f7a259fb000-7f7a259ff000 rw-p 0002d000 08:55 264366                     /usr/lib/jvm/java-6-openjdk-amd64/jre/lib/amd64/libjava.so
7f7a259ff000-7f7a25a0e000 r-xp 00000000 08:55 264359                     /usr/lib/jvm/java-6-openjdk-amd64/jre/lib/amd64/libverify.so
7f7a25a0e000-7f7a25c0d000 ---p 0000f000 08:55 264359                     /usr/lib/jvm/java-6-openjdk-amd64/jre/lib/amd64/libverify.so
7f7a25c0d000-7f7a25c0f000 rw-p 0000e000 08:55 264359                     /usr/lib/jvm/java-6-openjdk-amd64/jre/lib/amd64/libverify.so
7f7a25c0f000-7f7a25c16000 r-xp 00000000 08:55 3932174                    /lib/x86_64-linux-gnu/librt-2.13.so
7f7a25c16000-7f7a25e15000 ---p 00007000 08:55 3932174                    /lib/x86_64-linux-gnu/librt-2.13.so
7f7a25e15000-7f7a25e16000 r--p 00006000 08:55 3932174                    /lib/x86_64-linux-gnu/librt-2.13.so
7f7a25e16000-7f7a25e17000 rw-p 00007000 08:55 3932174                    /lib/x86_64-linux-gnu/librt-2.13.so
7f7a25e17000-7f7a25e2c000 r-xp 00000000 08:55 3932164                    /lib/x86_64-linux-gnu/libgcc_s.so.1
7f7a25e2c000-7f7a2602c000 ---p 00015000 08:55 3932164                    /lib/x86_64-linux-gnu/libgcc_s.so.1
7f7a2602c000-7f7a2602d000 rw-p 00015000 08:55 3932164                    /lib/x86_64-linux-gnu/libgcc_s.so.1
7f7a2602d000-7f7a260ae000 r-xp 00000000 08:55 3932176                    /lib/x86_64-linux-gnu/libm-2.13.so
7f7a260ae000-7f7a262ad000 ---p 00081000 08:55 3932176                    /lib/x86_64-linux-gnu/libm-2.13.so
7f7a262ad000-7f7a262ae000 r--p 00080000 08:55 3932176                    /lib/x86_64-linux-gnu/libm-2.13.so
7f7a262ae000-7f7a262af000 rw-p 00081000 08:55 3932176                    /lib/x86_64-linux-gnu/libm-2.13.so
7f7a262af000-7f7a26397000 r-xp 00000000 08:55 4198180                    /usr/lib/x86_64-linux-gnu/libstdc++.so.6.0.17
7f7a26397000-7f7a26597000 ---p 000e8000 08:55 4198180                    /usr/lib/x86_64-linux-gnu/libstdc++.so.6.0.17
7f7a26597000-7f7a2659f000 r--p 000e8000 08:55 4198180                    /usr/lib/x86_64-linux-gnu/libstdc++.so.6.0.17
7f7a2659f000-7f7a265a1000 rw-p 000f0000 08:55 4198180                    /usr/lib/x86_64-linux-gnu/libstdc++.so.6.0.17
7f7a265a1000-7f7a265b6000 rw-p 00000000 00:00 0 
7f7a265b6000-7f7a26ed5000 r-xp 00000000 08:55 264371                     /usr/lib/jvm/java-6-openjdk-amd64/jre/lib/amd64/server/libjvm.so
7f7a26ed5000-7f7a270d4000 ---p 0091f000 08:55 264371                     /usr/lib/jvm/java-6-openjdk-amd64/jre/lib/amd64/server/libjvm.so
7f7a270d4000-7f7a27170000 rw-p 0091e000 08:55 264371                     /usr/lib/jvm/java-6-openjdk-amd64/jre/lib/amd64/server/libjvm.so
7f7a27170000-7f7a27199000 rw-p 00000000 00:00 0 
7f7a27199000-7f7a27319000 r-xp 00000000 08:55 3932179                    /lib/x86_64-linux-gnu/libc-2.13.so
7f7a27319000-7f7a27519000 ---p 00180000 08:55 3932179                    /lib/x86_64-linux-gnu/libc-2.13.so
7f7a27519000-7f7a2751d000 r--p 00180000 08:55 3932179                    /lib/x86_64-linux-gnu/libc-2.13.so
7f7a2751d000-7f7a2751e000 rw-p 00184000 08:55 3932179                    /lib/x86_64-linux-gnu/libc-2.13.so
7f7a2751e000-7f7a27523000 rw-p 00000000 00:00 0 
7f7a27523000-7f7a27525000 r-xp 00000000 08:55 3932172                    /lib/x86_64-linux-gnu/libdl-2.13.so
7f7a27525000-7f7a27725000 ---p 00002000 08:55 3932172                    /lib/x86_64-linux-gnu/libdl-2.13.so
7f7a27725000-7f7a27726000 r--p 00002000 08:55 3932172                    /lib/x86_64-linux-gnu/libdl-2.13.so
7f7a27726000-7f7a27727000 rw-p 00003000 08:55 3932172                    /lib/x86_64-linux-gnu/libdl-2.13.so
7f7a27727000-7f7a2772b000 r-xp 00000000 08:55 264376                     /usr/lib/jvm/java-6-openjdk-amd64/jre/lib/amd64/jli/libjli.so
7f7a2772b000-7f7a2792a000 ---p 00004000 08:55 264376                     /usr/lib/jvm/java-6-openjdk-amd64/jre/lib/amd64/jli/libjli.so
7f7a2792a000-7f7a2792b000 rw-p 00003000 08:55 264376                     /usr/lib/jvm/java-6-openjdk-amd64/jre/lib/amd64/jli/libjli.so
7f7a2792b000-7f7a27942000 r-xp 00000000 08:55 3932169                    /lib/x86_64-linux-gnu/libpthread-2.13.so
7f7a27942000-7f7a27b41000 ---p 00017000 08:55 3932169                    /lib/x86_64-linux-gnu/libpthread-2.13.so
7f7a27b41000-7f7a27b42000 r--p 00016000 08:55 3932169                    /lib/x86_64-linux-gnu/libpthread-2.13.so
7f7a27b42000-7f7a27b43000 rw-p 00017000 08:55 3932169                    /lib/x86_64-linux-gnu/libpthread-2.13.so
7f7a27b43000-7f7a27b47000 rw-p 00000000 00:00 0 
7f7a27b47000-7f7a27b5d000 r-xp 00000000 08:55 3932250                    /lib/x86_64-linux-gnu/libz.so.1.2.7
7f7a27b5d000-7f7a27d5c000 ---p 00016000 08:55 3932250                    /lib/x86_64-linux-gnu/libz.so.1.2.7
7f7a27d5c000-7f7a27d5d000 r--p 00015000 08:55 3932250                    /lib/x86_64-linux-gnu/libz.so.1.2.7
7f7a27d5d000-7f7a27d5e000 rw-p 00016000 08:55 3932250                    /lib/x86_64-linux-gnu/libz.so.1.2.7
7f7a27d5e000-7f7a27d7e000 r-xp 00000000 08:55 3932182                    /lib/x86_64-linux-gnu/ld-2.13.so
7f7a27d9a000-7f7a27da4000 rw-p 00000000 00:00 0 
7f7a27da4000-7f7a27e5a000 rw-p 00000000 00:00 0 
7f7a27e5a000-7f7a27e5d000 ---p 00000000 00:00 0 
7f7a27e5d000-7f7a27f60000 rw-p 00000000 00:00 0 
7f7a27f71000-7f7a27f79000 rw-s 00000000 08:55 1317732                    /tmp/hsperfdata_nlevy/31147
7f7a27f79000-7f7a27f7a000 rw-p 00000000 00:00 0 
7f7a27f7a000-7f7a27f7b000 r--p 00000000 00:00 0 
7f7a27f7b000-7f7a27f7d000 rw-p 00000000 00:00 0 
7f7a27f7d000-7f7a27f7e000 r--p 0001f000 08:55 3932182                    /lib/x86_64-linux-gnu/ld-2.13.so
7f7a27f7e000-7f7a27f7f000 rw-p 00020000 08:55 3932182                    /lib/x86_64-linux-gnu/ld-2.13.so
7f7a27f7f000-7f7a27f80000 rw-p 00000000 00:00 0 
7fff8ee0d000-7fff8ee42000 rw-p 00000000 00:00 0                          [stack]
7fff8eec3000-7fff8eec4000 r-xp 00000000 00:00 0                          [vdso]
ffffffffff600000-ffffffffff601000 r-xp 00000000 00:00 0                  [vsyscall]

VM Arguments:
jvm_args: -Dosgi.requiredJavaVersion=1.6 -Xms40m -Xmx256m -XX:MaxPermSize=256m -XX:CompileCommand=exclude,java/lang/reflect/Array,newInstance 
java_command: /usr/lib/nvidia-nsight/plugins/org.eclipse.equinox.launcher_1.2.0.v20110502.jar -os linux -ws gtk -arch x86_64 -showsplash -launcher /usr/lib/nvidia-nsight/nsight -name Nsight --launcher.library /usr/lib/nvidia-nsight/plugins/org.eclipse.equinox.launcher.gtk.linux.x86_64_1.1.100.v20110505/eclipse_1407.so -startup /usr/lib/nvidia-nsight/plugins/org.eclipse.equinox.launcher_1.2.0.v20110502.jar --launcher.overrideVmargs -exitdata 650003 -vm /usr/bin/java -vmargs -Dosgi.requiredJavaVersion=1.6 -Xms40m -Xmx256m -XX:MaxPermSize=256m -XX:CompileCommand=exclude,java/lang/reflect/Array,newInstance -jar /usr/lib/nvidia-nsight/plugins/org.eclipse.equinox.launcher_1.2.0.v20110502.jar
Launcher Type: SUN_STANDARD

Environment Variables:
PATH=/home/nlevy/bin:/usr/local/bin:/usr/local/bin:/usr/bin:/bin:/usr/bin/X11:/usr/games
LD_LIBRARY_PATH=/usr/lib/jvm/java-6-openjdk-amd64/jre/lib/amd64/server:/usr/lib/jvm/java-6-openjdk-amd64/jre/lib/amd64:/usr/lib/jvm/java-6-openjdk-amd64/jre/../lib/amd64
SHELL=/bin/zsh

Signal Handlers:
SIGSEGV: [libjvm.so+0x7976a0], sa_mask[0]=0x7ffbfeff, sa_flags=0x10000004
SIGBUS: [libjvm.so+0x7976a0], sa_mask[0]=0x7ffbfeff, sa_flags=0x10000004
SIGFPE: [libjvm.so+0x65f050], sa_mask[0]=0x7ffbfeff, sa_flags=0x10000004
SIGPIPE: SIG_IGN, sa_mask[0]=0x00001000, sa_flags=0x10000000
SIGXFSZ: [libjvm.so+0x65f050], sa_mask[0]=0x7ffbfeff, sa_flags=0x10000004
SIGILL: [libjvm.so+0x65f050], sa_mask[0]=0x7ffbfeff, sa_flags=0x10000004
SIGUSR1: SIG_DFL, sa_mask[0]=0x00000000, sa_flags=0x00000000
SIGUSR2: [libjvm.so+0x65f230], sa_mask[0]=0x00000000, sa_flags=0x10000004
SIGHUP: [libjvm.so+0x661870], sa_mask[0]=0x7ffbfeff, sa_flags=0x10000004
SIGINT: [libjvm.so+0x661870], sa_mask[0]=0x7ffbfeff, sa_flags=0x10000004
SIGTERM: [libjvm.so+0x661870], sa_mask[0]=0x7ffbfeff, sa_flags=0x10000004
SIGQUIT: [libjvm.so+0x661870], sa_mask[0]=0x7ffbfeff, sa_flags=0x10000004


---------------  S Y S T E M  ---------------

OS:7.1

uname:Linux 3.2.0-4-amd64 #1 SMP Debian 3.2.46-1 x86_64
libc:glibc 2.13 NPTL 2.13 
rlimit: STACK 8192k, CORE 0k, NPROC 1033315, NOFILE 4096, AS infinity
load average:0.04 0.14 0.20

/proc/meminfo:
MemTotal:       132277100 kB
MemFree:        124816164 kB
Buffers:          533736 kB
Cached:          5203868 kB
SwapCached:            0 kB
Active:          4803248 kB
Inactive:        1877244 kB
Active(anon):    1020964 kB
Inactive(anon):     1860 kB
Active(file):    3782284 kB
Inactive(file):  1875384 kB
Unevictable:           0 kB
Mlocked:               0 kB
SwapTotal:             0 kB
SwapFree:              0 kB
Dirty:                 4 kB
Writeback:             0 kB
AnonPages:        942728 kB
Mapped:           200912 kB
Shmem:             79940 kB
Slab:             400464 kB
SReclaimable:     288172 kB
SUnreclaim:       112292 kB
KernelStack:        5688 kB
PageTables:        40400 kB
NFS_Unstable:          0 kB
Bounce:                0 kB
WritebackTmp:          0 kB
CommitLimit:    66138548 kB
Committed_AS:    3876740 kB
VmallocTotal:   34359738367 kB
VmallocUsed:      699516 kB
VmallocChunk:   34291910140 kB
HardwareCorrupted:     0 kB
AnonHugePages:         0 kB
HugePages_Total:       0
HugePages_Free:        0
HugePages_Rsvd:        0
HugePages_Surp:        0
Hugepagesize:       2048 kB
DirectMap4k:      417812 kB
DirectMap2M:    14233600 kB
DirectMap1G:    119537664 kB


CPU:total 32 (8 cores per cpu, 2 threads per core) family 6 model 45 stepping 7, cmov, cx8, fxsr, mmx, sse, sse2, sse3, ssse3, sse4.1, sse4.2, popcnt, ht

Memory: 4k page, physical 132277100k(124816164k free), swap 0k(0k free)

vm_info: OpenJDK 64-Bit Server VM (20.0-b12) for linux-amd64 JRE (1.6.0_27-b27), built on Apr 25 2013 11:31:01 by "doko" with gcc 4.7.2

time: Thu Jun  5 13:55:13 2014
elapsed time: 0 seconds

